[2014-08-15 18:00:30] [connect] WebSocket Connection [::ffff:10.10.7.3]:56270 v13 "Mozilla/5.0 (Macintosh; Intel Mac OS X 10_9_3) AppleWebKit/537.76.4 (KHTML, like Gecko) Version/7.0.4 Safari/537.76.4" /?encoding=text 101
[2014-08-15 18:00:36] [connect] WebSocket Connection [::ffff:10.10.7.3]:56271 v13 "Mozilla/5.0 (Macintosh; Intel Mac OS X 10_9_3) AppleWebKit/537.76.4 (KHTML, like Gecko) Version/7.0.4 Safari/537.76.4" /?encoding=text 101
[2014-08-15 18:00:48] [frame_header] Dispatching write containing 1 message(s) containing 2 header bytes and 63 payload bytes
[2014-08-15 18:00:48] [frame_header] Header Bytes: 
[0] (2) 81 3F 

[2014-08-15 18:00:48] [frame_payload] Payload Bytes: 
[0] (63) 7B 22 69 64 22 3A 22 73 6F 6D 65 54 6F 70 69 63 22 2C 22 6A 73 6F 6E 72 70 63 22 3A 22 32 2E 30 22 2C 22 72 65 73 75 6C 74 22 3A 7B 22 64 61 74 61 22 3A 22 73 6F 6D 65 3D 31 30 22 7D 7D 0A 

[2014-08-15 18:00:49] [frame_header] Dispatching write containing 1 message(s) containing 2 header bytes and 63 payload bytes
[2014-08-15 18:00:49] [frame_header] Header Bytes: 
[0] (2) 81 3F 

[2014-08-15 18:00:49] [frame_payload] Payload Bytes: 
[0] (63) 7B 22 69 64 22 3A 22 73 6F 6D 65 54 6F 70 69 63 22 2C 22 6A 73 6F 6E 72 70 63 22 3A 22 32 2E 30 22 2C 22 72 65 73 75 6C 74 22 3A 7B 22 64 61 74 61 22 3A 22 73 6F 6D 65 3D 31 32 22 7D 7D 0A 

[2014-08-15 18:00:50] [frame_header] Dispatching write containing 1 message(s) containing 2 header bytes and 63 payload bytes
[2014-08-15 18:00:50] [frame_header] Header Bytes: 
[0] (2) 81 3F 

[2014-08-15 18:00:50] [frame_payload] Payload Bytes: 
[0] (63) 7B 22 69 64 22 3A 22 73 6F 6D 65 54 6F 70 69 63 22 2C 22 6A 73 6F 6E 72 70 63 22 3A 22 32 2E 30 22 2C 22 72 65 73 75 6C 74 22 3A 7B 22 64 61 74 61 22 3A 22 73 6F 6D 65 3D 39 37 22 7D 7D 0A 

[2014-08-15 18:00:51] [frame_header] Dispatching write containing 1 message(s) containing 2 header bytes and 63 payload bytes
[2014-08-15 18:00:51] [frame_header] Header Bytes: 
[0] (2) 81 3F 

[2014-08-15 18:00:51] [frame_payload] Payload Bytes: 
[0] (63) 7B 22 69 64 22 3A 22 73 6F 6D 65 54 6F 70 69 63 22 2C 22 6A 73 6F 6E 72 70 63 22 3A 22 32 2E 30 22 2C 22 72 65 73 75 6C 74 22 3A 7B 22 64 61 74 61 22 3A 22 73 6F 6D 65 3D 32 39 22 7D 7D 0A 

[2014-08-15 18:00:52] [frame_header] Dispatching write containing 1 message(s) containing 2 header bytes and 63 payload bytes
[2014-08-15 18:00:52] [frame_header] Header Bytes: 
[0] (2) 81 3F 

[2014-08-15 18:00:52] [frame_payload] Payload Bytes: 
[0] (63) 7B 22 69 64 22 3A 22 73 6F 6D 65 54 6F 70 69 63 22 2C 22 6A 73 6F 6E 72 70 63 22 3A 22 32 2E 30 22 2C 22 72 65 73 75 6C 74 22 3A 7B 22 64 61 74 61 22 3A 22 73 6F 6D 65 3D 38 36 22 7D 7D 0A 

[2014-08-15 18:00:53] [frame_header] Dispatching write containing 1 message(s) containing 2 header bytes and 62 payload bytes
[2014-08-15 18:00:53] [frame_header] Header Bytes: 
[0] (2) 81 3E 

[2014-08-15 18:00:53] [frame_payload] Payload Bytes: 
[0] (62) 7B 22 69 64 22 3A 22 73 6F 6D 65 54 6F 70 69 63 22 2C 22 6A 73 6F 6E 72 70 63 22 3A 22 32 2E 30 22 2C 22 72 65 73 75 6C 74 22 3A 7B 22 64 61 74 61 22 3A 22 73 6F 6D 65 3D 35 22 7D 7D 0A 

[2014-08-15 18:00:54] [frame_header] Dispatching write containing 1 message(s) containing 2 header bytes and 62 payload bytes
[2014-08-15 18:00:54] [frame_header] Header Bytes: 
[0] (2) 81 3E 

[2014-08-15 18:00:54] [frame_payload] Payload Bytes: 
[0] (62) 7B 22 69 64 22 3A 22 73 6F 6D 65 54 6F 70 69 63 22 2C 22 6A 73 6F 6E 72 70 63 22 3A 22 32 2E 30 22 2C 22 72 65 73 75 6C 74 22 3A 7B 22 64 61 74 61 22 3A 22 73 6F 6D 65 3D 36 22 7D 7D 0A 

[2014-08-15 18:00:55] [frame_header] Dispatching write containing 1 message(s) containing 2 header bytes and 63 payload bytes
[2014-08-15 18:00:55] [frame_header] Header Bytes: 
[0] (2) 81 3F 

[2014-08-15 18:00:55] [frame_payload] Payload Bytes: 
[0] (63) 7B 22 69 64 22 3A 22 73 6F 6D 65 54 6F 70 69 63 22 2C 22 6A 73 6F 6E 72 70 63 22 3A 22 32 2E 30 22 2C 22 72 65 73 75 6C 74 22 3A 7B 22 64 61 74 61 22 3A 22 73 6F 6D 65 3D 32 31 22 7D 7D 0A 

[2014-08-15 18:00:56] [frame_header] Dispatching write containing 1 message(s) containing 2 header bytes and 63 payload bytes
[2014-08-15 18:00:56] [frame_header] Header Bytes: 
[0] (2) 81 3F 

[2014-08-15 18:00:56] [frame_payload] Payload Bytes: 
[0] (63) 7B 22 69 64 22 3A 22 73 6F 6D 65 54 6F 70 69 63 22 2C 22 6A 73 6F 6E 72 70 63 22 3A 22 32 2E 30 22 2C 22 72 65 73 75 6C 74 22 3A 7B 22 64 61 74 61 22 3A 22 73 6F 6D 65 3D 32 33 22 7D 7D 0A 

[2014-08-15 18:00:57] [frame_header] Dispatching write containing 1 message(s) containing 2 header bytes and 63 payload bytes
[2014-08-15 18:00:57] [frame_header] Header Bytes: 
[0] (2) 81 3F 

[2014-08-15 18:00:57] [frame_payload] Payload Bytes: 
[0] (63) 7B 22 69 64 22 3A 22 73 6F 6D 65 54 6F 70 69 63 22 2C 22 6A 73 6F 6E 72 70 63 22 3A 22 32 2E 30 22 2C 22 72 65 73 75 6C 74 22 3A 7B 22 64 61 74 61 22 3A 22 73 6F 6D 65 3D 31 39 22 7D 7D 0A 

[2014-08-15 18:00:58] [frame_header] Dispatching write containing 1 message(s) containing 2 header bytes and 63 payload bytes
[2014-08-15 18:00:58] [frame_header] Header Bytes: 
[0] (2) 81 3F 

[2014-08-15 18:00:58] [frame_payload] Payload Bytes: 
[0] (63) 7B 22 69 64 22 3A 22 73 6F 6D 65 54 6F 70 69 63 22 2C 22 6A 73 6F 6E 72 70 63 22 3A 22 32 2E 30 22 2C 22 72 65 73 75 6C 74 22 3A 7B 22 64 61 74 61 22 3A 22 73 6F 6D 65 3D 37 33 22 7D 7D 0A 

[2014-08-15 18:00:59] [frame_header] Dispatching write containing 1 message(s) containing 2 header bytes and 63 payload bytes
[2014-08-15 18:00:59] [frame_header] Header Bytes: 
[0] (2) 81 3F 

[2014-08-15 18:00:59] [frame_payload] Payload Bytes: 
[0] (63) 7B 22 69 64 22 3A 22 73 6F 6D 65 54 6F 70 69 63 22 2C 22 6A 73 6F 6E 72 70 63 22 3A 22 32 2E 30 22 2C 22 72 65 73 75 6C 74 22 3A 7B 22 64 61 74 61 22 3A 22 73 6F 6D 65 3D 36 37 22 7D 7D 0A 

[2014-08-15 18:01:00] [frame_header] Dispatching write containing 1 message(s) containing 2 header bytes and 63 payload bytes
[2014-08-15 18:01:00] [frame_header] Header Bytes: 
[0] (2) 81 3F 

[2014-08-15 18:01:00] [frame_payload] Payload Bytes: 
[0] (63) 7B 22 69 64 22 3A 22 73 6F 6D 65 54 6F 70 69 63 22 2C 22 6A 73 6F 6E 72 70 63 22 3A 22 32 2E 30 22 2C 22 72 65 73 75 6C 74 22 3A 7B 22 64 61 74 61 22 3A 22 73 6F 6D 65 3D 38 30 22 7D 7D 0A 

[2014-08-15 18:01:01] [frame_header] Dispatching write containing 1 message(s) containing 2 header bytes and 63 payload bytes
[2014-08-15 18:01:01] [frame_header] Header Bytes: 
[0] (2) 81 3F 

[2014-08-15 18:01:01] [frame_payload] Payload Bytes: 
[0] (63) 7B 22 69 64 22 3A 22 73 6F 6D 65 54 6F 70 69 63 22 2C 22 6A 73 6F 6E 72 70 63 22 3A 22 32 2E 30 22 2C 22 72 65 73 75 6C 74 22 3A 7B 22 64 61 74 61 22 3A 22 73 6F 6D 65 3D 31 35 22 7D 7D 0A 

[2014-08-15 18:01:02] [frame_header] Dispatching write containing 1 message(s) containing 2 header bytes and 63 payload bytes
[2014-08-15 18:01:02] [frame_header] Header Bytes: 
[0] (2) 81 3F 

[2014-08-15 18:01:02] [frame_payload] Payload Bytes: 
[0] (63) 7B 22 69 64 22 3A 22 73 6F 6D 65 54 6F 70 69 63 22 2C 22 6A 73 6F 6E 72 70 63 22 3A 22 32 2E 30 22 2C 22 72 65 73 75 6C 74 22 3A 7B 22 64 61 74 61 22 3A 22 73 6F 6D 65 3D 37 38 22 7D 7D 0A 

[2014-08-15 18:01:03] [frame_header] Dispatching write containing 1 message(s) containing 2 header bytes and 63 payload bytes
[2014-08-15 18:01:03] [frame_header] Header Bytes: 
[0] (2) 81 3F 

[2014-08-15 18:01:03] [frame_payload] Payload Bytes: 
[0] (63) 7B 22 69 64 22 3A 22 73 6F 6D 65 54 6F 70 69 63 22 2C 22 6A 73 6F 6E 72 70 63 22 3A 22 32 2E 30 22 2C 22 72 65 73 75 6C 74 22 3A 7B 22 64 61 74 61 22 3A 22 73 6F 6D 65 3D 33 37 22 7D 7D 0A 

[2014-08-15 18:01:04] [frame_header] Dispatching write containing 1 message(s) containing 2 header bytes and 63 payload bytes
[2014-08-15 18:01:04] [frame_header] Header Bytes: 
[0] (2) 81 3F 

[2014-08-15 18:01:04] [frame_payload] Payload Bytes: 
[0] (63) 7B 22 69 64 22 3A 22 73 6F 6D 65 54 6F 70 69 63 22 2C 22 6A 73 6F 6E 72 70 63 22 3A 22 32 2E 30 22 2C 22 72 65 73 75 6C 74 22 3A 7B 22 64 61 74 61 22 3A 22 73 6F 6D 65 3D 35 35 22 7D 7D 0A 

[2014-08-15 18:01:05] [frame_header] Dispatching write containing 1 message(s) containing 2 header bytes and 63 payload bytes
[2014-08-15 18:01:05] [frame_header] Header Bytes: 
[0] (2) 81 3F 

[2014-08-15 18:01:05] [frame_payload] Payload Bytes: 
[0] (63) 7B 22 69 64 22 3A 22 73 6F 6D 65 54 6F 70 69 63 22 2C 22 6A 73 6F 6E 72 70 63 22 3A 22 32 2E 30 22 2C 22 72 65 73 75 6C 74 22 3A 7B 22 64 61 74 61 22 3A 22 73 6F 6D 65 3D 34 38 22 7D 7D 0A 

[2014-08-15 18:01:06] [frame_header] Dispatching write containing 1 message(s) containing 2 header bytes and 62 payload bytes
[2014-08-15 18:01:06] [frame_header] Header Bytes: 
[0] (2) 81 3E 

[2014-08-15 18:01:06] [frame_payload] Payload Bytes: 
[0] (62) 7B 22 69 64 22 3A 22 73 6F 6D 65 54 6F 70 69 63 22 2C 22 6A 73 6F 6E 72 70 63 22 3A 22 32 2E 30 22 2C 22 72 65 73 75 6C 74 22 3A 7B 22 64 61 74 61 22 3A 22 73 6F 6D 65 3D 32 22 7D 7D 0A 

[2014-08-15 18:01:07] [frame_header] Dispatching write containing 1 message(s) containing 2 header bytes and 62 payload bytes
[2014-08-15 18:01:07] [frame_header] Header Bytes: 
[0] (2) 81 3E 

[2014-08-15 18:01:07] [frame_payload] Payload Bytes: 
[0] (62) 7B 22 69 64 22 3A 22 73 6F 6D 65 54 6F 70 69 63 22 2C 22 6A 73 6F 6E 72 70 63 22 3A 22 32 2E 30 22 2C 22 72 65 73 75 6C 74 22 3A 7B 22 64 61 74 61 22 3A 22 73 6F 6D 65 3D 31 22 7D 7D 0A 

[2014-08-15 18:01:08] [frame_header] Dispatching write containing 1 message(s) containing 2 header bytes and 63 payload bytes
[2014-08-15 18:01:08] [frame_header] Header Bytes: 
[0] (2) 81 3F 

[2014-08-15 18:01:08] [frame_payload] Payload Bytes: 
[0] (63) 7B 22 69 64 22 3A 22 73 6F 6D 65 54 6F 70 69 63 22 2C 22 6A 73 6F 6E 72 70 63 22 3A 22 32 2E 30 22 2C 22 72 65 73 75 6C 74 22 3A 7B 22 64 61 74 61 22 3A 22 73 6F 6D 65 3D 34 33 22 7D 7D 0A 

[2014-08-15 18:01:09] [frame_header] Dispatching write containing 1 message(s) containing 2 header bytes and 63 payload bytes
[2014-08-15 18:01:09] [frame_header] Header Bytes: 
[0] (2) 81 3F 

[2014-08-15 18:01:09] [frame_payload] Payload Bytes: 
[0] (63) 7B 22 69 64 22 3A 22 73 6F 6D 65 54 6F 70 69 63 22 2C 22 6A 73 6F 6E 72 70 63 22 3A 22 32 2E 30 22 2C 22 72 65 73 75 6C 74 22 3A 7B 22 64 61 74 61 22 3A 22 73 6F 6D 65 3D 37 37 22 7D 7D 0A 

[2014-08-15 18:01:09] [frame_header] Dispatching write containing 1 message(s) containing 2 header bytes and 65 payload bytes
[2014-08-15 18:01:09] [frame_header] Header Bytes: 
[0] (2) 81 41 

[2014-08-15 18:01:09] [frame_payload] Payload Bytes: 
[0] (65) 7B 22 69 64 22 3A 22 6F 74 68 65 72 54 6F 70 69 63 22 2C 22 6A 73 6F 6E 72 70 63 22 3A 22 32 2E 30 22 2C 22 72 65 73 75 6C 74 22 3A 7B 22 64 61 74 61 22 3A 22 6F 74 68 65 72 3D 37 37 22 7D 7D 0A 

[2014-08-15 18:01:10] [frame_header] Dispatching write containing 1 message(s) containing 2 header bytes and 62 payload bytes
[2014-08-15 18:01:10] [frame_header] Header Bytes: 
[0] (2) 81 3E 

[2014-08-15 18:01:10] [frame_payload] Payload Bytes: 
[0] (62) 7B 22 69 64 22 3A 22 73 6F 6D 65 54 6F 70 69 63 22 2C 22 6A 73 6F 6E 72 70 63 22 3A 22 32 2E 30 22 2C 22 72 65 73 75 6C 74 22 3A 7B 22 64 61 74 61 22 3A 22 73 6F 6D 65 3D 33 22 7D 7D 0A 

[2014-08-15 18:01:10] [frame_header] Dispatching write containing 1 message(s) containing 2 header bytes and 64 payload bytes
[2014-08-15 18:01:10] [frame_header] Header Bytes: 
[0] (2) 81 40 

[2014-08-15 18:01:10] [frame_payload] Payload Bytes: 
[0] (64) 7B 22 69 64 22 3A 22 6F 74 68 65 72 54 6F 70 69 63 22 2C 22 6A 73 6F 6E 72 70 63 22 3A 22 32 2E 30 22 2C 22 72 65 73 75 6C 74 22 3A 7B 22 64 61 74 61 22 3A 22 6F 74 68 65 72 3D 33 22 7D 7D 0A 

[2014-08-15 18:01:11] [frame_header] Dispatching write containing 1 message(s) containing 2 header bytes and 63 payload bytes
[2014-08-15 18:01:11] [frame_header] Header Bytes: 
[0] (2) 81 3F 

[2014-08-15 18:01:11] [frame_payload] Payload Bytes: 
[0] (63) 7B 22 69 64 22 3A 22 73 6F 6D 65 54 6F 70 69 63 22 2C 22 6A 73 6F 6E 72 70 63 22 3A 22 32 2E 30 22 2C 22 72 65 73 75 6C 74 22 3A 7B 22 64 61 74 61 22 3A 22 73 6F 6D 65 3D 38 33 22 7D 7D 0A 

[2014-08-15 18:01:11] [frame_header] Dispatching write containing 1 message(s) containing 2 header bytes and 65 payload bytes
[2014-08-15 18:01:11] [frame_header] Header Bytes: 
[0] (2) 81 41 

[2014-08-15 18:01:11] [frame_payload] Payload Bytes: 
[0] (65) 7B 22 69 64 22 3A 22 6F 74 68 65 72 54 6F 70 69 63 22 2C 22 6A 73 6F 6E 72 70 63 22 3A 22 32 2E 30 22 2C 22 72 65 73 75 6C 74 22 3A 7B 22 64 61 74 61 22 3A 22 6F 74 68 65 72 3D 38 33 22 7D 7D 0A 

[2014-08-15 18:01:12] [frame_header] Dispatching write containing 1 message(s) containing 2 header bytes and 63 payload bytes
[2014-08-15 18:01:12] [frame_header] Header Bytes: 
[0] (2) 81 3F 

[2014-08-15 18:01:12] [frame_payload] Payload Bytes: 
[0] (63) 7B 22 69 64 22 3A 22 73 6F 6D 65 54 6F 70 69 63 22 2C 22 6A 73 6F 6E 72 70 63 22 3A 22 32 2E 30 22 2C 22 72 65 73 75 6C 74 22 3A 7B 22 64 61 74 61 22 3A 22 73 6F 6D 65 3D 38 32 22 7D 7D 0A 

[2014-08-15 18:01:12] [frame_header] Dispatching write containing 1 message(s) containing 2 header bytes and 65 payload bytes
[2014-08-15 18:01:12] [frame_header] Header Bytes: 
[0] (2) 81 41 

[2014-08-15 18:01:12] [frame_payload] Payload Bytes: 
[0] (65) 7B 22 69 64 22 3A 22 6F 74 68 65 72 54 6F 70 69 63 22 2C 22 6A 73 6F 6E 72 70 63 22 3A 22 32 2E 30 22 2C 22 72 65 73 75 6C 74 22 3A 7B 22 64 61 74 61 22 3A 22 6F 74 68 65 72 3D 38 32 22 7D 7D 0A 

[2014-08-15 18:01:13] [frame_header] Dispatching write containing 1 message(s) containing 2 header bytes and 63 payload bytes
[2014-08-15 18:01:13] [frame_header] Header Bytes: 
[0] (2) 81 3F 

[2014-08-15 18:01:13] [frame_payload] Payload Bytes: 
[0] (63) 7B 22 69 64 22 3A 22 73 6F 6D 65 54 6F 70 69 63 22 2C 22 6A 73 6F 6E 72 70 63 22 3A 22 32 2E 30 22 2C 22 72 65 73 75 6C 74 22 3A 7B 22 64 61 74 61 22 3A 22 73 6F 6D 65 3D 32 30 22 7D 7D 0A 

[2014-08-15 18:01:13] [frame_header] Dispatching write containing 1 message(s) containing 2 header bytes and 65 payload bytes
[2014-08-15 18:01:13] [frame_header] Header Bytes: 
[0] (2) 81 41 

[2014-08-15 18:01:13] [frame_payload] Payload Bytes: 
[0] (65) 7B 22 69 64 22 3A 22 6F 74 68 65 72 54 6F 70 69 63 22 2C 22 6A 73 6F 6E 72 70 63 22 3A 22 32 2E 30 22 2C 22 72 65 73 75 6C 74 22 3A 7B 22 64 61 74 61 22 3A 22 6F 74 68 65 72 3D 32 30 22 7D 7D 0A 

[2014-08-15 18:01:14] [frame_header] Dispatching write containing 1 message(s) containing 2 header bytes and 62 payload bytes
[2014-08-15 18:01:14] [frame_header] Header Bytes: 
[0] (2) 81 3E 

[2014-08-15 18:01:14] [frame_payload] Payload Bytes: 
[0] (62) 7B 22 69 64 22 3A 22 73 6F 6D 65 54 6F 70 69 63 22 2C 22 6A 73 6F 6E 72 70 63 22 3A 22 32 2E 30 22 2C 22 72 65 73 75 6C 74 22 3A 7B 22 64 61 74 61 22 3A 22 73 6F 6D 65 3D 32 22 7D 7D 0A 

[2014-08-15 18:01:14] [frame_header] Dispatching write containing 1 message(s) containing 2 header bytes and 64 payload bytes
[2014-08-15 18:01:14] [frame_header] Header Bytes: 
[0] (2) 81 40 

[2014-08-15 18:01:14] [frame_payload] Payload Bytes: 
[0] (64) 7B 22 69 64 22 3A 22 6F 74 68 65 72 54 6F 70 69 63 22 2C 22 6A 73 6F 6E 72 70 63 22 3A 22 32 2E 30 22 2C 22 72 65 73 75 6C 74 22 3A 7B 22 64 61 74 61 22 3A 22 6F 74 68 65 72 3D 32 22 7D 7D 0A 

[2014-08-15 18:01:15] [frame_header] Dispatching write containing 1 message(s) containing 2 header bytes and 63 payload bytes
[2014-08-15 18:01:15] [frame_header] Header Bytes: 
[0] (2) 81 3F 

[2014-08-15 18:01:15] [frame_payload] Payload Bytes: 
[0] (63) 7B 22 69 64 22 3A 22 73 6F 6D 65 54 6F 70 69 63 22 2C 22 6A 73 6F 6E 72 70 63 22 3A 22 32 2E 30 22 2C 22 72 65 73 75 6C 74 22 3A 7B 22 64 61 74 61 22 3A 22 73 6F 6D 65 3D 35 30 22 7D 7D 0A 

[2014-08-15 18:01:15] [frame_header] Dispatching write containing 1 message(s) containing 2 header bytes and 65 payload bytes
[2014-08-15 18:01:15] [frame_header] Header Bytes: 
[0] (2) 81 41 

[2014-08-15 18:01:15] [frame_payload] Payload Bytes: 
[0] (65) 7B 22 69 64 22 3A 22 6F 74 68 65 72 54 6F 70 69 63 22 2C 22 6A 73 6F 6E 72 70 63 22 3A 22 32 2E 30 22 2C 22 72 65 73 75 6C 74 22 3A 7B 22 64 61 74 61 22 3A 22 6F 74 68 65 72 3D 35 30 22 7D 7D 0A 

[2014-08-15 18:01:16] [frame_header] Dispatching write containing 1 message(s) containing 2 header bytes and 63 payload bytes
[2014-08-15 18:01:16] [frame_header] Header Bytes: 
[0] (2) 81 3F 

[2014-08-15 18:01:16] [frame_payload] Payload Bytes: 
[0] (63) 7B 22 69 64 22 3A 22 73 6F 6D 65 54 6F 70 69 63 22 2C 22 6A 73 6F 6E 72 70 63 22 3A 22 32 2E 30 22 2C 22 72 65 73 75 6C 74 22 3A 7B 22 64 61 74 61 22 3A 22 73 6F 6D 65 3D 33 36 22 7D 7D 0A 

[2014-08-15 18:01:16] [frame_header] Dispatching write containing 1 message(s) containing 2 header bytes and 65 payload bytes
[2014-08-15 18:01:16] [frame_header] Header Bytes: 
[0] (2) 81 41 

[2014-08-15 18:01:16] [frame_payload] Payload Bytes: 
[0] (65) 7B 22 69 64 22 3A 22 6F 74 68 65 72 54 6F 70 69 63 22 2C 22 6A 73 6F 6E 72 70 63 22 3A 22 32 2E 30 22 2C 22 72 65 73 75 6C 74 22 3A 7B 22 64 61 74 61 22 3A 22 6F 74 68 65 72 3D 33 36 22 7D 7D 0A 

[2014-08-15 18:01:17] [frame_header] Dispatching write containing 1 message(s) containing 2 header bytes and 63 payload bytes
[2014-08-15 18:01:17] [frame_header] Header Bytes: 
[0] (2) 81 3F 

[2014-08-15 18:01:17] [frame_payload] Payload Bytes: 
[0] (63) 7B 22 69 64 22 3A 22 73 6F 6D 65 54 6F 70 69 63 22 2C 22 6A 73 6F 6E 72 70 63 22 3A 22 32 2E 30 22 2C 22 72 65 73 75 6C 74 22 3A 7B 22 64 61 74 61 22 3A 22 73 6F 6D 65 3D 37 37 22 7D 7D 0A 

[2014-08-15 18:01:17] [frame_header] Dispatching write containing 1 message(s) containing 2 header bytes and 65 payload bytes
[2014-08-15 18:01:17] [frame_header] Header Bytes: 
[0] (2) 81 41 

[2014-08-15 18:01:17] [frame_payload] Payload Bytes: 
[0] (65) 7B 22 69 64 22 3A 22 6F 74 68 65 72 54 6F 70 69 63 22 2C 22 6A 73 6F 6E 72 70 63 22 3A 22 32 2E 30 22 2C 22 72 65 73 75 6C 74 22 3A 7B 22 64 61 74 61 22 3A 22 6F 74 68 65 72 3D 37 37 22 7D 7D 0A 

[2014-08-15 18:01:18] [frame_header] Dispatching write containing 1 message(s) containing 2 header bytes and 63 payload bytes
[2014-08-15 18:01:18] [frame_header] Header Bytes: 
[0] (2) 81 3F 

[2014-08-15 18:01:18] [frame_payload] Payload Bytes: 
[0] (63) 7B 22 69 64 22 3A 22 73 6F 6D 65 54 6F 70 69 63 22 2C 22 6A 73 6F 6E 72 70 63 22 3A 22 32 2E 30 22 2C 22 72 65 73 75 6C 74 22 3A 7B 22 64 61 74 61 22 3A 22 73 6F 6D 65 3D 33 30 22 7D 7D 0A 

[2014-08-15 18:01:18] [frame_header] Dispatching write containing 1 message(s) containing 2 header bytes and 65 payload bytes
[2014-08-15 18:01:18] [frame_header] Header Bytes: 
[0] (2) 81 41 

[2014-08-15 18:01:18] [frame_payload] Payload Bytes: 
[0] (65) 7B 22 69 64 22 3A 22 6F 74 68 65 72 54 6F 70 69 63 22 2C 22 6A 73 6F 6E 72 70 63 22 3A 22 32 2E 30 22 2C 22 72 65 73 75 6C 74 22 3A 7B 22 64 61 74 61 22 3A 22 6F 74 68 65 72 3D 33 30 22 7D 7D 0A 

[2014-08-15 18:01:19] [frame_header] Dispatching write containing 1 message(s) containing 2 header bytes and 63 payload bytes
[2014-08-15 18:01:19] [frame_header] Header Bytes: 
[0] (2) 81 3F 

[2014-08-15 18:01:19] [frame_payload] Payload Bytes: 
[0] (63) 7B 22 69 64 22 3A 22 73 6F 6D 65 54 6F 70 69 63 22 2C 22 6A 73 6F 6E 72 70 63 22 3A 22 32 2E 30 22 2C 22 72 65 73 75 6C 74 22 3A 7B 22 64 61 74 61 22 3A 22 73 6F 6D 65 3D 35 36 22 7D 7D 0A 

[2014-08-15 18:01:19] [frame_header] Dispatching write containing 1 message(s) containing 2 header bytes and 65 payload bytes
[2014-08-15 18:01:19] [frame_header] Header Bytes: 
[0] (2) 81 41 

[2014-08-15 18:01:19] [frame_payload] Payload Bytes: 
[0] (65) 7B 22 69 64 22 3A 22 6F 74 68 65 72 54 6F 70 69 63 22 2C 22 6A 73 6F 6E 72 70 63 22 3A 22 32 2E 30 22 2C 22 72 65 73 75 6C 74 22 3A 7B 22 64 61 74 61 22 3A 22 6F 74 68 65 72 3D 35 36 22 7D 7D 0A 

[2014-08-15 18:01:20] [frame_header] Dispatching write containing 1 message(s) containing 2 header bytes and 63 payload bytes
[2014-08-15 18:01:20] [frame_header] Header Bytes: 
[0] (2) 81 3F 

[2014-08-15 18:01:20] [frame_payload] Payload Bytes: 
[0] (63) 7B 22 69 64 22 3A 22 73 6F 6D 65 54 6F 70 69 63 22 2C 22 6A 73 6F 6E 72 70 63 22 3A 22 32 2E 30 22 2C 22 72 65 73 75 6C 74 22 3A 7B 22 64 61 74 61 22 3A 22 73 6F 6D 65 3D 38 34 22 7D 7D 0A 

[2014-08-15 18:01:20] [frame_header] Dispatching write containing 1 message(s) containing 2 header bytes and 65 payload bytes
[2014-08-15 18:01:20] [frame_header] Header Bytes: 
[0] (2) 81 41 

[2014-08-15 18:01:20] [frame_payload] Payload Bytes: 
[0] (65) 7B 22 69 64 22 3A 22 6F 74 68 65 72 54 6F 70 69 63 22 2C 22 6A 73 6F 6E 72 70 63 22 3A 22 32 2E 30 22 2C 22 72 65 73 75 6C 74 22 3A 7B 22 64 61 74 61 22 3A 22 6F 74 68 65 72 3D 38 34 22 7D 7D 0A 

[2014-08-15 18:01:21] [frame_header] Dispatching write containing 1 message(s) containing 2 header bytes and 63 payload bytes
[2014-08-15 18:01:21] [frame_header] Header Bytes: 
[0] (2) 81 3F 

[2014-08-15 18:01:21] [frame_payload] Payload Bytes: 
[0] (63) 7B 22 69 64 22 3A 22 73 6F 6D 65 54 6F 70 69 63 22 2C 22 6A 73 6F 6E 72 70 63 22 3A 22 32 2E 30 22 2C 22 72 65 73 75 6C 74 22 3A 7B 22 64 61 74 61 22 3A 22 73 6F 6D 65 3D 33 35 22 7D 7D 0A 

[2014-08-15 18:01:21] [frame_header] Dispatching write containing 1 message(s) containing 2 header bytes and 65 payload bytes
[2014-08-15 18:01:21] [frame_header] Header Bytes: 
[0] (2) 81 41 

[2014-08-15 18:01:21] [frame_payload] Payload Bytes: 
[0] (65) 7B 22 69 64 22 3A 22 6F 74 68 65 72 54 6F 70 69 63 22 2C 22 6A 73 6F 6E 72 70 63 22 3A 22 32 2E 30 22 2C 22 72 65 73 75 6C 74 22 3A 7B 22 64 61 74 61 22 3A 22 6F 74 68 65 72 3D 33 35 22 7D 7D 0A 

[2014-08-15 18:01:22] [frame_header] Dispatching write containing 1 message(s) containing 2 header bytes and 63 payload bytes
[2014-08-15 18:01:22] [frame_header] Header Bytes: 
[0] (2) 81 3F 

[2014-08-15 18:01:22] [frame_payload] Payload Bytes: 
[0] (63) 7B 22 69 64 22 3A 22 73 6F 6D 65 54 6F 70 69 63 22 2C 22 6A 73 6F 6E 72 70 63 22 3A 22 32 2E 30 22 2C 22 72 65 73 75 6C 74 22 3A 7B 22 64 61 74 61 22 3A 22 73 6F 6D 65 3D 34 35 22 7D 7D 0A 

[2014-08-15 18:01:22] [frame_header] Dispatching write containing 1 message(s) containing 2 header bytes and 65 payload bytes
[2014-08-15 18:01:22] [frame_header] Header Bytes: 
[0] (2) 81 41 

[2014-08-15 18:01:22] [frame_payload] Payload Bytes: 
[0] (65) 7B 22 69 64 22 3A 22 6F 74 68 65 72 54 6F 70 69 63 22 2C 22 6A 73 6F 6E 72 70 63 22 3A 22 32 2E 30 22 2C 22 72 65 73 75 6C 74 22 3A 7B 22 64 61 74 61 22 3A 22 6F 74 68 65 72 3D 34 35 22 7D 7D 0A 

[2014-08-15 18:01:22] [control] Control frame received with opcode 8
[2014-08-15 18:01:22] [frame_header] Dispatching write containing 1 message(s) containing 2 header bytes and 2 payload bytes
[2014-08-15 18:01:22] [frame_header] Header Bytes: 
[0] (2) 88 02 

[2014-08-15 18:01:22] [frame_payload] Payload Bytes: 
[0] (2) 03 E8 

[2014-08-15 18:01:22] [disconnect] Disconnect close local:[1000] remote:[1005]
[2014-08-15 18:01:23] [frame_header] Dispatching write containing 1 message(s) containing 2 header bytes and 64 payload bytes
[2014-08-15 18:01:23] [frame_header] Header Bytes: 
[0] (2) 81 40 

[2014-08-15 18:01:23] [frame_payload] Payload Bytes: 
[0] (64) 7B 22 69 64 22 3A 22 6F 74 68 65 72 54 6F 70 69 63 22 2C 22 6A 73 6F 6E 72 70 63 22 3A 22 32 2E 30 22 2C 22 72 65 73 75 6C 74 22 3A 7B 22 64 61 74 61 22 3A 22 6F 74 68 65 72 3D 36 22 7D 7D 0A 

[2014-08-15 18:01:24] [frame_header] Dispatching write containing 1 message(s) containing 2 header bytes and 65 payload bytes
[2014-08-15 18:01:24] [frame_header] Header Bytes: 
[0] (2) 81 41 

[2014-08-15 18:01:24] [frame_payload] Payload Bytes: 
[0] (65) 7B 22 69 64 22 3A 22 6F 74 68 65 72 54 6F 70 69 63 22 2C 22 6A 73 6F 6E 72 70 63 22 3A 22 32 2E 30 22 2C 22 72 65 73 75 6C 74 22 3A 7B 22 64 61 74 61 22 3A 22 6F 74 68 65 72 3D 31 38 22 7D 7D 0A 

[2014-08-15 18:01:25] [frame_header] Dispatching write containing 1 message(s) containing 2 header bytes and 65 payload bytes
[2014-08-15 18:01:25] [frame_header] Header Bytes: 
[0] (2) 81 41 

[2014-08-15 18:01:25] [frame_payload] Payload Bytes: 
[0] (65) 7B 22 69 64 22 3A 22 6F 74 68 65 72 54 6F 70 69 63 22 2C 22 6A 73 6F 6E 72 70 63 22 3A 22 32 2E 30 22 2C 22 72 65 73 75 6C 74 22 3A 7B 22 64 61 74 61 22 3A 22 6F 74 68 65 72 3D 32 35 22 7D 7D 0A 

[2014-08-15 18:01:26] [frame_header] Dispatching write containing 1 message(s) containing 2 header bytes and 65 payload bytes
[2014-08-15 18:01:26] [frame_header] Header Bytes: 
[0] (2) 81 41 

[2014-08-15 18:01:26] [frame_payload] Payload Bytes: 
[0] (65) 7B 22 69 64 22 3A 22 6F 74 68 65 72 54 6F 70 69 63 22 2C 22 6A 73 6F 6E 72 70 63 22 3A 22 32 2E 30 22 2C 22 72 65 73 75 6C 74 22 3A 7B 22 64 61 74 61 22 3A 22 6F 74 68 65 72 3D 36 30 22 7D 7D 0A 

[2014-08-15 18:01:27] [frame_header] Dispatching write containing 1 message(s) containing 2 header bytes and 64 payload bytes
[2014-08-15 18:01:27] [frame_header] Header Bytes: 
[0] (2) 81 40 

[2014-08-15 18:01:27] [frame_payload] Payload Bytes: 
[0] (64) 7B 22 69 64 22 3A 22 6F 74 68 65 72 54 6F 70 69 63 22 2C 22 6A 73 6F 6E 72 70 63 22 3A 22 32 2E 30 22 2C 22 72 65 73 75 6C 74 22 3A 7B 22 64 61 74 61 22 3A 22 6F 74 68 65 72 3D 39 22 7D 7D 0A 

[2014-08-15 18:01:28] [frame_header] Dispatching write containing 1 message(s) containing 2 header bytes and 65 payload bytes
[2014-08-15 18:01:28] [frame_header] Header Bytes: 
[0] (2) 81 41 

[2014-08-15 18:01:28] [frame_payload] Payload Bytes: 
[0] (65) 7B 22 69 64 22 3A 22 6F 74 68 65 72 54 6F 70 69 63 22 2C 22 6A 73 6F 6E 72 70 63 22 3A 22 32 2E 30 22 2C 22 72 65 73 75 6C 74 22 3A 7B 22 64 61 74 61 22 3A 22 6F 74 68 65 72 3D 33 30 22 7D 7D 0A 

[2014-08-15 18:01:29] [frame_header] Dispatching write containing 1 message(s) containing 2 header bytes and 65 payload bytes
[2014-08-15 18:01:29] [frame_header] Header Bytes: 
[0] (2) 81 41 

[2014-08-15 18:01:29] [frame_payload] Payload Bytes: 
[0] (65) 7B 22 69 64 22 3A 22 6F 74 68 65 72 54 6F 70 69 63 22 2C 22 6A 73 6F 6E 72 70 63 22 3A 22 32 2E 30 22 2C 22 72 65 73 75 6C 74 22 3A 7B 22 64 61 74 61 22 3A 22 6F 74 68 65 72 3D 39 30 22 7D 7D 0A 

[2014-08-15 18:01:30] [frame_header] Dispatching write containing 1 message(s) containing 2 header bytes and 65 payload bytes
[2014-08-15 18:01:30] [frame_header] Header Bytes: 
[0] (2) 81 41 

[2014-08-15 18:01:30] [frame_payload] Payload Bytes: 
[0] (65) 7B 22 69 64 22 3A 22 6F 74 68 65 72 54 6F 70 69 63 22 2C 22 6A 73 6F 6E 72 70 63 22 3A 22 32 2E 30 22 2C 22 72 65 73 75 6C 74 22 3A 7B 22 64 61 74 61 22 3A 22 6F 74 68 65 72 3D 34 37 22 7D 7D 0A 

[2014-08-15 18:01:31] [frame_header] Dispatching write containing 1 message(s) containing 2 header bytes and 65 payload bytes
[2014-08-15 18:01:31] [frame_header] Header Bytes: 
[0] (2) 81 41 

[2014-08-15 18:01:31] [frame_payload] Payload Bytes: 
[0] (65) 7B 22 69 64 22 3A 22 6F 74 68 65 72 54 6F 70 69 63 22 2C 22 6A 73 6F 6E 72 70 63 22 3A 22 32 2E 30 22 2C 22 72 65 73 75 6C 74 22 3A 7B 22 64 61 74 61 22 3A 22 6F 74 68 65 72 3D 39 38 22 7D 7D 0A 

[2014-08-15 18:01:32] [frame_header] Dispatching write containing 1 message(s) containing 2 header bytes and 64 payload bytes
[2014-08-15 18:01:32] [frame_header] Header Bytes: 
[0] (2) 81 40 

[2014-08-15 18:01:32] [frame_payload] Payload Bytes: 
[0] (64) 7B 22 69 64 22 3A 22 6F 74 68 65 72 54 6F 70 69 63 22 2C 22 6A 73 6F 6E 72 70 63 22 3A 22 32 2E 30 22 2C 22 72 65 73 75 6C 74 22 3A 7B 22 64 61 74 61 22 3A 22 6F 74 68 65 72 3D 35 22 7D 7D 0A 

[2014-08-15 18:01:33] [frame_header] Dispatching write containing 1 message(s) containing 2 header bytes and 65 payload bytes
[2014-08-15 18:01:33] [frame_header] Header Bytes: 
[0] (2) 81 41 

[2014-08-15 18:01:33] [frame_payload] Payload Bytes: 
[0] (65) 7B 22 69 64 22 3A 22 6F 74 68 65 72 54 6F 70 69 63 22 2C 22 6A 73 6F 6E 72 70 63 22 3A 22 32 2E 30 22 2C 22 72 65 73 75 6C 74 22 3A 7B 22 64 61 74 61 22 3A 22 6F 74 68 65 72 3D 31 31 22 7D 7D 0A 

[2014-08-15 18:01:34] [frame_header] Dispatching write containing 1 message(s) containing 2 header bytes and 64 payload bytes
[2014-08-15 18:01:34] [frame_header] Header Bytes: 
[0] (2) 81 40 

[2014-08-15 18:01:34] [frame_payload] Payload Bytes: 
[0] (64) 7B 22 69 64 22 3A 22 6F 74 68 65 72 54 6F 70 69 63 22 2C 22 6A 73 6F 6E 72 70 63 22 3A 22 32 2E 30 22 2C 22 72 65 73 75 6C 74 22 3A 7B 22 64 61 74 61 22 3A 22 6F 74 68 65 72 3D 34 22 7D 7D 0A 

[2014-08-15 18:01:35] [frame_header] Dispatching write containing 1 message(s) containing 2 header bytes and 65 payload bytes
[2014-08-15 18:01:35] [frame_header] Header Bytes: 
[0] (2) 81 41 

[2014-08-15 18:01:35] [frame_payload] Payload Bytes: 
[0] (65) 7B 22 69 64 22 3A 22 6F 74 68 65 72 54 6F 70 69 63 22 2C 22 6A 73 6F 6E 72 70 63 22 3A 22 32 2E 30 22 2C 22 72 65 73 75 6C 74 22 3A 7B 22 64 61 74 61 22 3A 22 6F 74 68 65 72 3D 31 31 22 7D 7D 0A 

[2014-08-15 18:01:36] [frame_header] Dispatching write containing 1 message(s) containing 2 header bytes and 65 payload bytes
[2014-08-15 18:01:36] [frame_header] Header Bytes: 
[0] (2) 81 41 

[2014-08-15 18:01:36] [frame_payload] Payload Bytes: 
[0] (65) 7B 22 69 64 22 3A 22 6F 74 68 65 72 54 6F 70 69 63 22 2C 22 6A 73 6F 6E 72 70 63 22 3A 22 32 2E 30 22 2C 22 72 65 73 75 6C 74 22 3A 7B 22 64 61 74 61 22 3A 22 6F 74 68 65 72 3D 31 38 22 7D 7D 0A 

[2014-08-15 18:01:37] [frame_header] Dispatching write containing 1 message(s) containing 2 header bytes and 65 payload bytes
[2014-08-15 18:01:37] [frame_header] Header Bytes: 
[0] (2) 81 41 

[2014-08-15 18:01:37] [frame_payload] Payload Bytes: 
[0] (65) 7B 22 69 64 22 3A 22 6F 74 68 65 72 54 6F 70 69 63 22 2C 22 6A 73 6F 6E 72 70 63 22 3A 22 32 2E 30 22 2C 22 72 65 73 75 6C 74 22 3A 7B 22 64 61 74 61 22 3A 22 6F 74 68 65 72 3D 32 35 22 7D 7D 0A 

[2014-08-15 18:01:38] [frame_header] Dispatching write containing 1 message(s) containing 2 header bytes and 65 payload bytes
[2014-08-15 18:01:38] [frame_header] Header Bytes: 
[0] (2) 81 41 

[2014-08-15 18:01:38] [frame_payload] Payload Bytes: 
[0] (65) 7B 22 69 64 22 3A 22 6F 74 68 65 72 54 6F 70 69 63 22 2C 22 6A 73 6F 6E 72 70 63 22 3A 22 32 2E 30 22 2C 22 72 65 73 75 6C 74 22 3A 7B 22 64 61 74 61 22 3A 22 6F 74 68 65 72 3D 36 36 22 7D 7D 0A 

[2014-08-15 18:01:39] [frame_header] Dispatching write containing 1 message(s) containing 2 header bytes and 65 payload bytes
[2014-08-15 18:01:39] [frame_header] Header Bytes: 
[0] (2) 81 41 

[2014-08-15 18:01:39] [frame_payload] Payload Bytes: 
[0] (65) 7B 22 69 64 22 3A 22 6F 74 68 65 72 54 6F 70 69 63 22 2C 22 6A 73 6F 6E 72 70 63 22 3A 22 32 2E 30 22 2C 22 72 65 73 75 6C 74 22 3A 7B 22 64 61 74 61 22 3A 22 6F 74 68 65 72 3D 31 38 22 7D 7D 0A 

[2014-08-15 18:01:40] [frame_header] Dispatching write containing 1 message(s) containing 2 header bytes and 65 payload bytes
[2014-08-15 18:01:40] [frame_header] Header Bytes: 
[0] (2) 81 41 

[2014-08-15 18:01:40] [frame_payload] Payload Bytes: 
[0] (65) 7B 22 69 64 22 3A 22 6F 74 68 65 72 54 6F 70 69 63 22 2C 22 6A 73 6F 6E 72 70 63 22 3A 22 32 2E 30 22 2C 22 72 65 73 75 6C 74 22 3A 7B 22 64 61 74 61 22 3A 22 6F 74 68 65 72 3D 39 31 22 7D 7D 0A 

[2014-08-15 18:01:41] [frame_header] Dispatching write containing 1 message(s) containing 2 header bytes and 65 payload bytes
[2014-08-15 18:01:41] [frame_header] Header Bytes: 
[0] (2) 81 41 

[2014-08-15 18:01:41] [frame_payload] Payload Bytes: 
[0] (65) 7B 22 69 64 22 3A 22 6F 74 68 65 72 54 6F 70 69 63 22 2C 22 6A 73 6F 6E 72 70 63 22 3A 22 32 2E 30 22 2C 22 72 65 73 75 6C 74 22 3A 7B 22 64 61 74 61 22 3A 22 6F 74 68 65 72 3D 34 37 22 7D 7D 0A 

[2014-08-15 18:01:42] [frame_header] Dispatching write containing 1 message(s) containing 2 header bytes and 65 payload bytes
[2014-08-15 18:01:42] [frame_header] Header Bytes: 
[0] (2) 81 41 

[2014-08-15 18:01:42] [frame_payload] Payload Bytes: 
[0] (65) 7B 22 69 64 22 3A 22 6F 74 68 65 72 54 6F 70 69 63 22 2C 22 6A 73 6F 6E 72 70 63 22 3A 22 32 2E 30 22 2C 22 72 65 73 75 6C 74 22 3A 7B 22 64 61 74 61 22 3A 22 6F 74 68 65 72 3D 37 36 22 7D 7D 0A 

[2014-08-15 18:01:43] [frame_header] Dispatching write containing 1 message(s) containing 2 header bytes and 65 payload bytes
[2014-08-15 18:01:43] [frame_header] Header Bytes: 
[0] (2) 81 41 

[2014-08-15 18:01:43] [frame_payload] Payload Bytes: 
[0] (65) 7B 22 69 64 22 3A 22 6F 74 68 65 72 54 6F 70 69 63 22 2C 22 6A 73 6F 6E 72 70 63 22 3A 22 32 2E 30 22 2C 22 72 65 73 75 6C 74 22 3A 7B 22 64 61 74 61 22 3A 22 6F 74 68 65 72 3D 33 34 22 7D 7D 0A 

[2014-08-15 18:01:44] [frame_header] Dispatching write containing 1 message(s) containing 2 header bytes and 65 payload bytes
[2014-08-15 18:01:44] [frame_header] Header Bytes: 
[0] (2) 81 41 

[2014-08-15 18:01:44] [frame_payload] Payload Bytes: 
[0] (65) 7B 22 69 64 22 3A 22 6F 74 68 65 72 54 6F 70 69 63 22 2C 22 6A 73 6F 6E 72 70 63 22 3A 22 32 2E 30 22 2C 22 72 65 73 75 6C 74 22 3A 7B 22 64 61 74 61 22 3A 22 6F 74 68 65 72 3D 31 31 22 7D 7D 0A 

[2014-08-15 18:01:45] [frame_header] Dispatching write containing 1 message(s) containing 2 header bytes and 65 payload bytes
[2014-08-15 18:01:45] [frame_header] Header Bytes: 
[0] (2) 81 41 

[2014-08-15 18:01:45] [frame_payload] Payload Bytes: 
[0] (65) 7B 22 69 64 22 3A 22 6F 74 68 65 72 54 6F 70 69 63 22 2C 22 6A 73 6F 6E 72 70 63 22 3A 22 32 2E 30 22 2C 22 72 65 73 75 6C 74 22 3A 7B 22 64 61 74 61 22 3A 22 6F 74 68 65 72 3D 37 35 22 7D 7D 0A 

[2014-08-15 18:01:46] [frame_header] Dispatching write containing 1 message(s) containing 2 header bytes and 65 payload bytes
[2014-08-15 18:01:46] [frame_header] Header Bytes: 
[0] (2) 81 41 

[2014-08-15 18:01:46] [frame_payload] Payload Bytes: 
[0] (65) 7B 22 69 64 22 3A 22 6F 74 68 65 72 54 6F 70 69 63 22 2C 22 6A 73 6F 6E 72 70 63 22 3A 22 32 2E 30 22 2C 22 72 65 73 75 6C 74 22 3A 7B 22 64 61 74 61 22 3A 22 6F 74 68 65 72 3D 39 35 22 7D 7D 0A 

[2014-08-15 18:01:47] [frame_header] Dispatching write containing 1 message(s) containing 2 header bytes and 64 payload bytes
[2014-08-15 18:01:47] [frame_header] Header Bytes: 
[0] (2) 81 40 

[2014-08-15 18:01:47] [frame_payload] Payload Bytes: 
[0] (64) 7B 22 69 64 22 3A 22 6F 74 68 65 72 54 6F 70 69 63 22 2C 22 6A 73 6F 6E 72 70 63 22 3A 22 32 2E 30 22 2C 22 72 65 73 75 6C 74 22 3A 7B 22 64 61 74 61 22 3A 22 6F 74 68 65 72 3D 33 22 7D 7D 0A 

[2014-08-15 18:01:48] [frame_header] Dispatching write containing 2 message(s) containing 4 header bytes and 128 payload bytes
[2014-08-15 18:01:48] [frame_header] Header Bytes: 
[0] (2) 81 3F 
[1] (2) 81 41 

[2014-08-15 18:01:48] [frame_payload] Payload Bytes: 
[0] (63) 7B 22 69 64 22 3A 22 73 6F 6D 65 54 6F 70 69 63 22 2C 22 6A 73 6F 6E 72 70 63 22 3A 22 32 2E 30 22 2C 22 72 65 73 75 6C 74 22 3A 7B 22 64 61 74 61 22 3A 22 73 6F 6D 65 3D 35 37 22 7D 7D 0A 
[1] (65) 7B 22 69 64 22 3A 22 6F 74 68 65 72 54 6F 70 69 63 22 2C 22 6A 73 6F 6E 72 70 63 22 3A 22 32 2E 30 22 2C 22 72 65 73 75 6C 74 22 3A 7B 22 64 61 74 61 22 3A 22 6F 74 68 65 72 3D 35 37 22 7D 7D 0A 

[2014-08-15 18:01:49] [frame_header] Dispatching write containing 2 message(s) containing 4 header bytes and 128 payload bytes
[2014-08-15 18:01:49] [frame_header] Header Bytes: 
[0] (2) 81 3F 
[1] (2) 81 41 

[2014-08-15 18:01:49] [frame_payload] Payload Bytes: 
[0] (63) 7B 22 69 64 22 3A 22 73 6F 6D 65 54 6F 70 69 63 22 2C 22 6A 73 6F 6E 72 70 63 22 3A 22 32 2E 30 22 2C 22 72 65 73 75 6C 74 22 3A 7B 22 64 61 74 61 22 3A 22 73 6F 6D 65 3D 37 32 22 7D 7D 0A 
[1] (65) 7B 22 69 64 22 3A 22 6F 74 68 65 72 54 6F 70 69 63 22 2C 22 6A 73 6F 6E 72 70 63 22 3A 22 32 2E 30 22 2C 22 72 65 73 75 6C 74 22 3A 7B 22 64 61 74 61 22 3A 22 6F 74 68 65 72 3D 37 32 22 7D 7D 0A 

[2014-08-15 18:01:50] [frame_header] Dispatching write containing 2 message(s) containing 4 header bytes and 128 payload bytes
[2014-08-15 18:01:50] [frame_header] Header Bytes: 
[0] (2) 81 3F 
[1] (2) 81 41 

[2014-08-15 18:01:50] [frame_payload] Payload Bytes: 
[0] (63) 7B 22 69 64 22 3A 22 73 6F 6D 65 54 6F 70 69 63 22 2C 22 6A 73 6F 6E 72 70 63 22 3A 22 32 2E 30 22 2C 22 72 65 73 75 6C 74 22 3A 7B 22 64 61 74 61 22 3A 22 73 6F 6D 65 3D 39 36 22 7D 7D 0A 
[1] (65) 7B 22 69 64 22 3A 22 6F 74 68 65 72 54 6F 70 69 63 22 2C 22 6A 73 6F 6E 72 70 63 22 3A 22 32 2E 30 22 2C 22 72 65 73 75 6C 74 22 3A 7B 22 64 61 74 61 22 3A 22 6F 74 68 65 72 3D 39 36 22 7D 7D 0A 

[2014-08-15 18:01:51] [frame_header] Dispatching write containing 2 message(s) containing 4 header bytes and 128 payload bytes
[2014-08-15 18:01:51] [frame_header] Header Bytes: 
[0] (2) 81 3F 
[1] (2) 81 41 

[2014-08-15 18:01:51] [frame_payload] Payload Bytes: 
[0] (63) 7B 22 69 64 22 3A 22 73 6F 6D 65 54 6F 70 69 63 22 2C 22 6A 73 6F 6E 72 70 63 22 3A 22 32 2E 30 22 2C 22 72 65 73 75 6C 74 22 3A 7B 22 64 61 74 61 22 3A 22 73 6F 6D 65 3D 33 36 22 7D 7D 0A 
[1] (65) 7B 22 69 64 22 3A 22 6F 74 68 65 72 54 6F 70 69 63 22 2C 22 6A 73 6F 6E 72 70 63 22 3A 22 32 2E 30 22 2C 22 72 65 73 75 6C 74 22 3A 7B 22 64 61 74 61 22 3A 22 6F 74 68 65 72 3D 33 36 22 7D 7D 0A 

[2014-08-15 18:01:52] [frame_header] Dispatching write containing 2 message(s) containing 4 header bytes and 128 payload bytes
[2014-08-15 18:01:52] [frame_header] Header Bytes: 
[0] (2) 81 3F 
[1] (2) 81 41 

[2014-08-15 18:01:52] [frame_payload] Payload Bytes: 
[0] (63) 7B 22 69 64 22 3A 22 73 6F 6D 65 54 6F 70 69 63 22 2C 22 6A 73 6F 6E 72 70 63 22 3A 22 32 2E 30 22 2C 22 72 65 73 75 6C 74 22 3A 7B 22 64 61 74 61 22 3A 22 73 6F 6D 65 3D 36 33 22 7D 7D 0A 
[1] (65) 7B 22 69 64 22 3A 22 6F 74 68 65 72 54 6F 70 69 63 22 2C 22 6A 73 6F 6E 72 70 63 22 3A 22 32 2E 30 22 2C 22 72 65 73 75 6C 74 22 3A 7B 22 64 61 74 61 22 3A 22 6F 74 68 65 72 3D 36 33 22 7D 7D 0A 

[2014-08-15 18:01:53] [frame_header] Dispatching write containing 2 message(s) containing 4 header bytes and 128 payload bytes
[2014-08-15 18:01:53] [frame_header] Header Bytes: 
[0] (2) 81 3F 
[1] (2) 81 41 

[2014-08-15 18:01:53] [frame_payload] Payload Bytes: 
[0] (63) 7B 22 69 64 22 3A 22 73 6F 6D 65 54 6F 70 69 63 22 2C 22 6A 73 6F 6E 72 70 63 22 3A 22 32 2E 30 22 2C 22 72 65 73 75 6C 74 22 3A 7B 22 64 61 74 61 22 3A 22 73 6F 6D 65 3D 39 34 22 7D 7D 0A 
[1] (65) 7B 22 69 64 22 3A 22 6F 74 68 65 72 54 6F 70 69 63 22 2C 22 6A 73 6F 6E 72 70 63 22 3A 22 32 2E 30 22 2C 22 72 65 73 75 6C 74 22 3A 7B 22 64 61 74 61 22 3A 22 6F 74 68 65 72 3D 39 34 22 7D 7D 0A 

[2014-08-15 18:01:54] [frame_header] Dispatching write containing 2 message(s) containing 4 header bytes and 128 payload bytes
[2014-08-15 18:01:54] [frame_header] Header Bytes: 
[0] (2) 81 3F 
[1] (2) 81 41 

[2014-08-15 18:01:54] [frame_payload] Payload Bytes: 
[0] (63) 7B 22 69 64 22 3A 22 73 6F 6D 65 54 6F 70 69 63 22 2C 22 6A 73 6F 6E 72 70 63 22 3A 22 32 2E 30 22 2C 22 72 65 73 75 6C 74 22 3A 7B 22 64 61 74 61 22 3A 22 73 6F 6D 65 3D 37 31 22 7D 7D 0A 
[1] (65) 7B 22 69 64 22 3A 22 6F 74 68 65 72 54 6F 70 69 63 22 2C 22 6A 73 6F 6E 72 70 63 22 3A 22 32 2E 30 22 2C 22 72 65 73 75 6C 74 22 3A 7B 22 64 61 74 61 22 3A 22 6F 74 68 65 72 3D 37 31 22 7D 7D 0A 

[2014-08-15 18:01:55] [frame_header] Dispatching write containing 2 message(s) containing 4 header bytes and 128 payload bytes
[2014-08-15 18:01:55] [frame_header] Header Bytes: 
[0] (2) 81 3F 
[1] (2) 81 41 

[2014-08-15 18:01:55] [frame_payload] Payload Bytes: 
[0] (63) 7B 22 69 64 22 3A 22 73 6F 6D 65 54 6F 70 69 63 22 2C 22 6A 73 6F 6E 72 70 63 22 3A 22 32 2E 30 22 2C 22 72 65 73 75 6C 74 22 3A 7B 22 64 61 74 61 22 3A 22 73 6F 6D 65 3D 38 30 22 7D 7D 0A 
[1] (65) 7B 22 69 64 22 3A 22 6F 74 68 65 72 54 6F 70 69 63 22 2C 22 6A 73 6F 6E 72 70 63 22 3A 22 32 2E 30 22 2C 22 72 65 73 75 6C 74 22 3A 7B 22 64 61 74 61 22 3A 22 6F 74 68 65 72 3D 38 30 22 7D 7D 0A 

[2014-08-15 18:01:56] [frame_header] Dispatching write containing 2 message(s) containing 4 header bytes and 126 payload bytes
[2014-08-15 18:01:56] [frame_header] Header Bytes: 
[0] (2) 81 3E 
[1] (2) 81 40 

[2014-08-15 18:01:56] [frame_payload] Payload Bytes: 
[0] (62) 7B 22 69 64 22 3A 22 73 6F 6D 65 54 6F 70 69 63 22 2C 22 6A 73 6F 6E 72 70 63 22 3A 22 32 2E 30 22 2C 22 72 65 73 75 6C 74 22 3A 7B 22 64 61 74 61 22 3A 22 73 6F 6D 65 3D 31 22 7D 7D 0A 
[1] (64) 7B 22 69 64 22 3A 22 6F 74 68 65 72 54 6F 70 69 63 22 2C 22 6A 73 6F 6E 72 70 63 22 3A 22 32 2E 30 22 2C 22 72 65 73 75 6C 74 22 3A 7B 22 64 61 74 61 22 3A 22 6F 74 68 65 72 3D 31 22 7D 7D 0A 

[2014-08-15 18:01:57] [frame_header] Dispatching write containing 2 message(s) containing 4 header bytes and 128 payload bytes
[2014-08-15 18:01:57] [frame_header] Header Bytes: 
[0] (2) 81 3F 
[1] (2) 81 41 

[2014-08-15 18:01:57] [frame_payload] Payload Bytes: 
[0] (63) 7B 22 69 64 22 3A 22 73 6F 6D 65 54 6F 70 69 63 22 2C 22 6A 73 6F 6E 72 70 63 22 3A 22 32 2E 30 22 2C 22 72 65 73 75 6C 74 22 3A 7B 22 64 61 74 61 22 3A 22 73 6F 6D 65 3D 35 35 22 7D 7D 0A 
[1] (65) 7B 22 69 64 22 3A 22 6F 74 68 65 72 54 6F 70 69 63 22 2C 22 6A 73 6F 6E 72 70 63 22 3A 22 32 2E 30 22 2C 22 72 65 73 75 6C 74 22 3A 7B 22 64 61 74 61 22 3A 22 6F 74 68 65 72 3D 35 35 22 7D 7D 0A 

[2014-08-15 18:01:58] [frame_header] Dispatching write containing 2 message(s) containing 4 header bytes and 126 payload bytes
[2014-08-15 18:01:58] [frame_header] Header Bytes: 
[0] (2) 81 3E 
[1] (2) 81 40 

[2014-08-15 18:01:58] [frame_payload] Payload Bytes: 
[0] (62) 7B 22 69 64 22 3A 22 73 6F 6D 65 54 6F 70 69 63 22 2C 22 6A 73 6F 6E 72 70 63 22 3A 22 32 2E 30 22 2C 22 72 65 73 75 6C 74 22 3A 7B 22 64 61 74 61 22 3A 22 73 6F 6D 65 3D 33 22 7D 7D 0A 
[1] (64) 7B 22 69 64 22 3A 22 6F 74 68 65 72 54 6F 70 69 63 22 2C 22 6A 73 6F 6E 72 70 63 22 3A 22 32 2E 30 22 2C 22 72 65 73 75 6C 74 22 3A 7B 22 64 61 74 61 22 3A 22 6F 74 68 65 72 3D 33 22 7D 7D 0A 

[2014-08-15 18:01:59] [frame_header] Dispatching write containing 2 message(s) containing 4 header bytes and 128 payload bytes
[2014-08-15 18:01:59] [frame_header] Header Bytes: 
[0] (2) 81 3F 
[1] (2) 81 41 

[2014-08-15 18:01:59] [frame_payload] Payload Bytes: 
[0] (63) 7B 22 69 64 22 3A 22 73 6F 6D 65 54 6F 70 69 63 22 2C 22 6A 73 6F 6E 72 70 63 22 3A 22 32 2E 30 22 2C 22 72 65 73 75 6C 74 22 3A 7B 22 64 61 74 61 22 3A 22 73 6F 6D 65 3D 37 36 22 7D 7D 0A 
[1] (65) 7B 22 69 64 22 3A 22 6F 74 68 65 72 54 6F 70 69 63 22 2C 22 6A 73 6F 6E 72 70 63 22 3A 22 32 2E 30 22 2C 22 72 65 73 75 6C 74 22 3A 7B 22 64 61 74 61 22 3A 22 6F 74 68 65 72 3D 37 36 22 7D 7D 0A 

[2014-08-15 18:02:00] [frame_header] Dispatching write containing 2 message(s) containing 4 header bytes and 128 payload bytes
[2014-08-15 18:02:00] [frame_header] Header Bytes: 
[0] (2) 81 3F 
[1] (2) 81 41 

[2014-08-15 18:02:00] [frame_payload] Payload Bytes: 
[0] (63) 7B 22 69 64 22 3A 22 73 6F 6D 65 54 6F 70 69 63 22 2C 22 6A 73 6F 6E 72 70 63 22 3A 22 32 2E 30 22 2C 22 72 65 73 75 6C 74 22 3A 7B 22 64 61 74 61 22 3A 22 73 6F 6D 65 3D 33 34 22 7D 7D 0A 
[1] (65) 7B 22 69 64 22 3A 22 6F 74 68 65 72 54 6F 70 69 63 22 2C 22 6A 73 6F 6E 72 70 63 22 3A 22 32 2E 30 22 2C 22 72 65 73 75 6C 74 22 3A 7B 22 64 61 74 61 22 3A 22 6F 74 68 65 72 3D 33 34 22 7D 7D 0A 

[2014-08-15 18:02:01] [frame_header] Dispatching write containing 2 message(s) containing 4 header bytes and 130 payload bytes
[2014-08-15 18:02:01] [frame_header] Header Bytes: 
[0] (2) 81 40 
[1] (2) 81 42 

[2014-08-15 18:02:01] [frame_payload] Payload Bytes: 
[0] (64) 7B 22 69 64 22 3A 22 73 6F 6D 65 54 6F 70 69 63 22 2C 22 6A 73 6F 6E 72 70 63 22 3A 22 32 2E 30 22 2C 22 72 65 73 75 6C 74 22 3A 7B 22 64 61 74 61 22 3A 22 73 6F 6D 65 3D 31 30 30 22 7D 7D 0A 
[1] (66) 7B 22 69 64 22 3A 22 6F 74 68 65 72 54 6F 70 69 63 22 2C 22 6A 73 6F 6E 72 70 63 22 3A 22 32 2E 30 22 2C 22 72 65 73 75 6C 74 22 3A 7B 22 64 61 74 61 22 3A 22 6F 74 68 65 72 3D 31 30 30 22 7D 7D 0A 

[2014-08-15 18:02:02] [frame_header] Dispatching write containing 2 message(s) containing 4 header bytes and 128 payload bytes
[2014-08-15 18:02:02] [frame_header] Header Bytes: 
[0] (2) 81 3F 
[1] (2) 81 41 

[2014-08-15 18:02:02] [frame_payload] Payload Bytes: 
[0] (63) 7B 22 69 64 22 3A 22 73 6F 6D 65 54 6F 70 69 63 22 2C 22 6A 73 6F 6E 72 70 63 22 3A 22 32 2E 30 22 2C 22 72 65 73 75 6C 74 22 3A 7B 22 64 61 74 61 22 3A 22 73 6F 6D 65 3D 39 38 22 7D 7D 0A 
[1] (65) 7B 22 69 64 22 3A 22 6F 74 68 65 72 54 6F 70 69 63 22 2C 22 6A 73 6F 6E 72 70 63 22 3A 22 32 2E 30 22 2C 22 72 65 73 75 6C 74 22 3A 7B 22 64 61 74 61 22 3A 22 6F 74 68 65 72 3D 39 38 22 7D 7D 0A 

[2014-08-15 18:02:03] [frame_header] Dispatching write containing 2 message(s) containing 4 header bytes and 128 payload bytes
[2014-08-15 18:02:03] [frame_header] Header Bytes: 
[0] (2) 81 3F 
[1] (2) 81 41 

[2014-08-15 18:02:03] [frame_payload] Payload Bytes: 
[0] (63) 7B 22 69 64 22 3A 22 73 6F 6D 65 54 6F 70 69 63 22 2C 22 6A 73 6F 6E 72 70 63 22 3A 22 32 2E 30 22 2C 22 72 65 73 75 6C 74 22 3A 7B 22 64 61 74 61 22 3A 22 73 6F 6D 65 3D 34 33 22 7D 7D 0A 
[1] (65) 7B 22 69 64 22 3A 22 6F 74 68 65 72 54 6F 70 69 63 22 2C 22 6A 73 6F 6E 72 70 63 22 3A 22 32 2E 30 22 2C 22 72 65 73 75 6C 74 22 3A 7B 22 64 61 74 61 22 3A 22 6F 74 68 65 72 3D 34 33 22 7D 7D 0A 

[2014-08-15 18:02:04] [frame_header] Dispatching write containing 2 message(s) containing 4 header bytes and 128 payload bytes
[2014-08-15 18:02:04] [frame_header] Header Bytes: 
[0] (2) 81 3F 
[1] (2) 81 41 

[2014-08-15 18:02:04] [frame_payload] Payload Bytes: 
[0] (63) 7B 22 69 64 22 3A 22 73 6F 6D 65 54 6F 70 69 63 22 2C 22 6A 73 6F 6E 72 70 63 22 3A 22 32 2E 30 22 2C 22 72 65 73 75 6C 74 22 3A 7B 22 64 61 74 61 22 3A 22 73 6F 6D 65 3D 37 39 22 7D 7D 0A 
[1] (65) 7B 22 69 64 22 3A 22 6F 74 68 65 72 54 6F 70 69 63 22 2C 22 6A 73 6F 6E 72 70 63 22 3A 22 32 2E 30 22 2C 22 72 65 73 75 6C 74 22 3A 7B 22 64 61 74 61 22 3A 22 6F 74 68 65 72 3D 37 39 22 7D 7D 0A 

[2014-08-15 18:02:05] [frame_header] Dispatching write containing 2 message(s) containing 4 header bytes and 128 payload bytes
[2014-08-15 18:02:05] [frame_header] Header Bytes: 
[0] (2) 81 3F 
[1] (2) 81 41 

[2014-08-15 18:02:05] [frame_payload] Payload Bytes: 
[0] (63) 7B 22 69 64 22 3A 22 73 6F 6D 65 54 6F 70 69 63 22 2C 22 6A 73 6F 6E 72 70 63 22 3A 22 32 2E 30 22 2C 22 72 65 73 75 6C 74 22 3A 7B 22 64 61 74 61 22 3A 22 73 6F 6D 65 3D 32 31 22 7D 7D 0A 
[1] (65) 7B 22 69 64 22 3A 22 6F 74 68 65 72 54 6F 70 69 63 22 2C 22 6A 73 6F 6E 72 70 63 22 3A 22 32 2E 30 22 2C 22 72 65 73 75 6C 74 22 3A 7B 22 64 61 74 61 22 3A 22 6F 74 68 65 72 3D 32 31 22 7D 7D 0A 

[2014-08-15 18:02:06] [frame_header] Dispatching write containing 2 message(s) containing 4 header bytes and 128 payload bytes
[2014-08-15 18:02:06] [frame_header] Header Bytes: 
[0] (2) 81 3F 
[1] (2) 81 41 

[2014-08-15 18:02:06] [frame_payload] Payload Bytes: 
[0] (63) 7B 22 69 64 22 3A 22 73 6F 6D 65 54 6F 70 69 63 22 2C 22 6A 73 6F 6E 72 70 63 22 3A 22 32 2E 30 22 2C 22 72 65 73 75 6C 74 22 3A 7B 22 64 61 74 61 22 3A 22 73 6F 6D 65 3D 35 36 22 7D 7D 0A 
[1] (65) 7B 22 69 64 22 3A 22 6F 74 68 65 72 54 6F 70 69 63 22 2C 22 6A 73 6F 6E 72 70 63 22 3A 22 32 2E 30 22 2C 22 72 65 73 75 6C 74 22 3A 7B 22 64 61 74 61 22 3A 22 6F 74 68 65 72 3D 35 36 22 7D 7D 0A 

[2014-08-15 18:02:07] [frame_header] Dispatching write containing 2 message(s) containing 4 header bytes and 126 payload bytes
[2014-08-15 18:02:07] [frame_header] Header Bytes: 
[0] (2) 81 3E 
[1] (2) 81 40 

[2014-08-15 18:02:07] [frame_payload] Payload Bytes: 
[0] (62) 7B 22 69 64 22 3A 22 73 6F 6D 65 54 6F 70 69 63 22 2C 22 6A 73 6F 6E 72 70 63 22 3A 22 32 2E 30 22 2C 22 72 65 73 75 6C 74 22 3A 7B 22 64 61 74 61 22 3A 22 73 6F 6D 65 3D 36 22 7D 7D 0A 
[1] (64) 7B 22 69 64 22 3A 22 6F 74 68 65 72 54 6F 70 69 63 22 2C 22 6A 73 6F 6E 72 70 63 22 3A 22 32 2E 30 22 2C 22 72 65 73 75 6C 74 22 3A 7B 22 64 61 74 61 22 3A 22 6F 74 68 65 72 3D 36 22 7D 7D 0A 

[2014-08-15 18:02:08] [frame_header] Dispatching write containing 2 message(s) containing 4 header bytes and 128 payload bytes
[2014-08-15 18:02:08] [frame_header] Header Bytes: 
[0] (2) 81 3F 
[1] (2) 81 41 

[2014-08-15 18:02:08] [frame_payload] Payload Bytes: 
[0] (63) 7B 22 69 64 22 3A 22 73 6F 6D 65 54 6F 70 69 63 22 2C 22 6A 73 6F 6E 72 70 63 22 3A 22 32 2E 30 22 2C 22 72 65 73 75 6C 74 22 3A 7B 22 64 61 74 61 22 3A 22 73 6F 6D 65 3D 36 33 22 7D 7D 0A 
[1] (65) 7B 22 69 64 22 3A 22 6F 74 68 65 72 54 6F 70 69 63 22 2C 22 6A 73 6F 6E 72 70 63 22 3A 22 32 2E 30 22 2C 22 72 65 73 75 6C 74 22 3A 7B 22 64 61 74 61 22 3A 22 6F 74 68 65 72 3D 36 33 22 7D 7D 0A 

[2014-08-15 18:02:09] [frame_header] Dispatching write containing 2 message(s) containing 4 header bytes and 128 payload bytes
[2014-08-15 18:02:09] [frame_header] Header Bytes: 
[0] (2) 81 3F 
[1] (2) 81 41 

[2014-08-15 18:02:09] [frame_payload] Payload Bytes: 
[0] (63) 7B 22 69 64 22 3A 22 73 6F 6D 65 54 6F 70 69 63 22 2C 22 6A 73 6F 6E 72 70 63 22 3A 22 32 2E 30 22 2C 22 72 65 73 75 6C 74 22 3A 7B 22 64 61 74 61 22 3A 22 73 6F 6D 65 3D 31 39 22 7D 7D 0A 
[1] (65) 7B 22 69 64 22 3A 22 6F 74 68 65 72 54 6F 70 69 63 22 2C 22 6A 73 6F 6E 72 70 63 22 3A 22 32 2E 30 22 2C 22 72 65 73 75 6C 74 22 3A 7B 22 64 61 74 61 22 3A 22 6F 74 68 65 72 3D 31 39 22 7D 7D 0A 

[2014-08-15 18:02:10] [frame_header] Dispatching write containing 2 message(s) containing 4 header bytes and 128 payload bytes
[2014-08-15 18:02:10] [frame_header] Header Bytes: 
[0] (2) 81 3F 
[1] (2) 81 41 

[2014-08-15 18:02:10] [frame_payload] Payload Bytes: 
[0] (63) 7B 22 69 64 22 3A 22 73 6F 6D 65 54 6F 70 69 63 22 2C 22 6A 73 6F 6E 72 70 63 22 3A 22 32 2E 30 22 2C 22 72 65 73 75 6C 74 22 3A 7B 22 64 61 74 61 22 3A 22 73 6F 6D 65 3D 34 34 22 7D 7D 0A 
[1] (65) 7B 22 69 64 22 3A 22 6F 74 68 65 72 54 6F 70 69 63 22 2C 22 6A 73 6F 6E 72 70 63 22 3A 22 32 2E 30 22 2C 22 72 65 73 75 6C 74 22 3A 7B 22 64 61 74 61 22 3A 22 6F 74 68 65 72 3D 34 34 22 7D 7D 0A 

[2014-08-15 18:02:11] [frame_header] Dispatching write containing 2 message(s) containing 4 header bytes and 128 payload bytes
[2014-08-15 18:02:11] [frame_header] Header Bytes: 
[0] (2) 81 3F 
[1] (2) 81 41 

[2014-08-15 18:02:11] [frame_payload] Payload Bytes: 
[0] (63) 7B 22 69 64 22 3A 22 73 6F 6D 65 54 6F 70 69 63 22 2C 22 6A 73 6F 6E 72 70 63 22 3A 22 32 2E 30 22 2C 22 72 65 73 75 6C 74 22 3A 7B 22 64 61 74 61 22 3A 22 73 6F 6D 65 3D 37 39 22 7D 7D 0A 
[1] (65) 7B 22 69 64 22 3A 22 6F 74 68 65 72 54 6F 70 69 63 22 2C 22 6A 73 6F 6E 72 70 63 22 3A 22 32 2E 30 22 2C 22 72 65 73 75 6C 74 22 3A 7B 22 64 61 74 61 22 3A 22 6F 74 68 65 72 3D 37 39 22 7D 7D 0A 

[2014-08-15 18:02:12] [frame_header] Dispatching write containing 2 message(s) containing 4 header bytes and 128 payload bytes
[2014-08-15 18:02:12] [frame_header] Header Bytes: 
[0] (2) 81 3F 
[1] (2) 81 41 

[2014-08-15 18:02:12] [frame_payload] Payload Bytes: 
[0] (63) 7B 22 69 64 22 3A 22 73 6F 6D 65 54 6F 70 69 63 22 2C 22 6A 73 6F 6E 72 70 63 22 3A 22 32 2E 30 22 2C 22 72 65 73 75 6C 74 22 3A 7B 22 64 61 74 61 22 3A 22 73 6F 6D 65 3D 32 37 22 7D 7D 0A 
[1] (65) 7B 22 69 64 22 3A 22 6F 74 68 65 72 54 6F 70 69 63 22 2C 22 6A 73 6F 6E 72 70 63 22 3A 22 32 2E 30 22 2C 22 72 65 73 75 6C 74 22 3A 7B 22 64 61 74 61 22 3A 22 6F 74 68 65 72 3D 32 37 22 7D 7D 0A 

[2014-08-15 18:02:13] [frame_header] Dispatching write containing 2 message(s) containing 4 header bytes and 128 payload bytes
[2014-08-15 18:02:13] [frame_header] Header Bytes: 
[0] (2) 81 3F 
[1] (2) 81 41 

[2014-08-15 18:02:13] [frame_payload] Payload Bytes: 
[0] (63) 7B 22 69 64 22 3A 22 73 6F 6D 65 54 6F 70 69 63 22 2C 22 6A 73 6F 6E 72 70 63 22 3A 22 32 2E 30 22 2C 22 72 65 73 75 6C 74 22 3A 7B 22 64 61 74 61 22 3A 22 73 6F 6D 65 3D 33 36 22 7D 7D 0A 
[1] (65) 7B 22 69 64 22 3A 22 6F 74 68 65 72 54 6F 70 69 63 22 2C 22 6A 73 6F 6E 72 70 63 22 3A 22 32 2E 30 22 2C 22 72 65 73 75 6C 74 22 3A 7B 22 64 61 74 61 22 3A 22 6F 74 68 65 72 3D 33 36 22 7D 7D 0A 

[2014-08-15 18:02:14] [frame_header] Dispatching write containing 2 message(s) containing 4 header bytes and 128 payload bytes
[2014-08-15 18:02:14] [frame_header] Header Bytes: 
[0] (2) 81 3F 
[1] (2) 81 41 

[2014-08-15 18:02:14] [frame_payload] Payload Bytes: 
[0] (63) 7B 22 69 64 22 3A 22 73 6F 6D 65 54 6F 70 69 63 22 2C 22 6A 73 6F 6E 72 70 63 22 3A 22 32 2E 30 22 2C 22 72 65 73 75 6C 74 22 3A 7B 22 64 61 74 61 22 3A 22 73 6F 6D 65 3D 33 36 22 7D 7D 0A 
[1] (65) 7B 22 69 64 22 3A 22 6F 74 68 65 72 54 6F 70 69 63 22 2C 22 6A 73 6F 6E 72 70 63 22 3A 22 32 2E 30 22 2C 22 72 65 73 75 6C 74 22 3A 7B 22 64 61 74 61 22 3A 22 6F 74 68 65 72 3D 33 36 22 7D 7D 0A 

[2014-08-15 18:02:15] [frame_header] Dispatching write containing 2 message(s) containing 4 header bytes and 128 payload bytes
[2014-08-15 18:02:15] [frame_header] Header Bytes: 
[0] (2) 81 3F 
[1] (2) 81 41 

[2014-08-15 18:02:15] [frame_payload] Payload Bytes: 
[0] (63) 7B 22 69 64 22 3A 22 73 6F 6D 65 54 6F 70 69 63 22 2C 22 6A 73 6F 6E 72 70 63 22 3A 22 32 2E 30 22 2C 22 72 65 73 75 6C 74 22 3A 7B 22 64 61 74 61 22 3A 22 73 6F 6D 65 3D 37 31 22 7D 7D 0A 
[1] (65) 7B 22 69 64 22 3A 22 6F 74 68 65 72 54 6F 70 69 63 22 2C 22 6A 73 6F 6E 72 70 63 22 3A 22 32 2E 30 22 2C 22 72 65 73 75 6C 74 22 3A 7B 22 64 61 74 61 22 3A 22 6F 74 68 65 72 3D 37 31 22 7D 7D 0A 

[2014-08-15 18:02:16] [frame_header] Dispatching write containing 2 message(s) containing 4 header bytes and 128 payload bytes
[2014-08-15 18:02:16] [frame_header] Header Bytes: 
[0] (2) 81 3F 
[1] (2) 81 41 

[2014-08-15 18:02:16] [frame_payload] Payload Bytes: 
[0] (63) 7B 22 69 64 22 3A 22 73 6F 6D 65 54 6F 70 69 63 22 2C 22 6A 73 6F 6E 72 70 63 22 3A 22 32 2E 30 22 2C 22 72 65 73 75 6C 74 22 3A 7B 22 64 61 74 61 22 3A 22 73 6F 6D 65 3D 39 39 22 7D 7D 0A 
[1] (65) 7B 22 69 64 22 3A 22 6F 74 68 65 72 54 6F 70 69 63 22 2C 22 6A 73 6F 6E 72 70 63 22 3A 22 32 2E 30 22 2C 22 72 65 73 75 6C 74 22 3A 7B 22 64 61 74 61 22 3A 22 6F 74 68 65 72 3D 39 39 22 7D 7D 0A 

[2014-08-15 18:02:17] [frame_header] Dispatching write containing 2 message(s) containing 4 header bytes and 128 payload bytes
[2014-08-15 18:02:17] [frame_header] Header Bytes: 
[0] (2) 81 3F 
[1] (2) 81 41 

[2014-08-15 18:02:17] [frame_payload] Payload Bytes: 
[0] (63) 7B 22 69 64 22 3A 22 73 6F 6D 65 54 6F 70 69 63 22 2C 22 6A 73 6F 6E 72 70 63 22 3A 22 32 2E 30 22 2C 22 72 65 73 75 6C 74 22 3A 7B 22 64 61 74 61 22 3A 22 73 6F 6D 65 3D 31 33 22 7D 7D 0A 
[1] (65) 7B 22 69 64 22 3A 22 6F 74 68 65 72 54 6F 70 69 63 22 2C 22 6A 73 6F 6E 72 70 63 22 3A 22 32 2E 30 22 2C 22 72 65 73 75 6C 74 22 3A 7B 22 64 61 74 61 22 3A 22 6F 74 68 65 72 3D 31 33 22 7D 7D 0A 

[2014-08-15 18:02:18] [frame_header] Dispatching write containing 2 message(s) containing 4 header bytes and 128 payload bytes
[2014-08-15 18:02:18] [frame_header] Header Bytes: 
[0] (2) 81 3F 
[1] (2) 81 41 

[2014-08-15 18:02:18] [frame_payload] Payload Bytes: 
[0] (63) 7B 22 69 64 22 3A 22 73 6F 6D 65 54 6F 70 69 63 22 2C 22 6A 73 6F 6E 72 70 63 22 3A 22 32 2E 30 22 2C 22 72 65 73 75 6C 74 22 3A 7B 22 64 61 74 61 22 3A 22 73 6F 6D 65 3D 38 34 22 7D 7D 0A 
[1] (65) 7B 22 69 64 22 3A 22 6F 74 68 65 72 54 6F 70 69 63 22 2C 22 6A 73 6F 6E 72 70 63 22 3A 22 32 2E 30 22 2C 22 72 65 73 75 6C 74 22 3A 7B 22 64 61 74 61 22 3A 22 6F 74 68 65 72 3D 38 34 22 7D 7D 0A 

[2014-08-15 18:02:19] [frame_header] Dispatching write containing 2 message(s) containing 4 header bytes and 126 payload bytes
[2014-08-15 18:02:19] [frame_header] Header Bytes: 
[0] (2) 81 3E 
[1] (2) 81 40 

[2014-08-15 18:02:19] [frame_payload] Payload Bytes: 
[0] (62) 7B 22 69 64 22 3A 22 73 6F 6D 65 54 6F 70 69 63 22 2C 22 6A 73 6F 6E 72 70 63 22 3A 22 32 2E 30 22 2C 22 72 65 73 75 6C 74 22 3A 7B 22 64 61 74 61 22 3A 22 73 6F 6D 65 3D 37 22 7D 7D 0A 
[1] (64) 7B 22 69 64 22 3A 22 6F 74 68 65 72 54 6F 70 69 63 22 2C 22 6A 73 6F 6E 72 70 63 22 3A 22 32 2E 30 22 2C 22 72 65 73 75 6C 74 22 3A 7B 22 64 61 74 61 22 3A 22 6F 74 68 65 72 3D 37 22 7D 7D 0A 

[2014-08-15 18:02:20] [frame_header] Dispatching write containing 2 message(s) containing 4 header bytes and 130 payload bytes
[2014-08-15 18:02:20] [frame_header] Header Bytes: 
[0] (2) 81 40 
[1] (2) 81 42 

[2014-08-15 18:02:20] [frame_payload] Payload Bytes: 
[0] (64) 7B 22 69 64 22 3A 22 73 6F 6D 65 54 6F 70 69 63 22 2C 22 6A 73 6F 6E 72 70 63 22 3A 22 32 2E 30 22 2C 22 72 65 73 75 6C 74 22 3A 7B 22 64 61 74 61 22 3A 22 73 6F 6D 65 3D 31 30 30 22 7D 7D 0A 
[1] (66) 7B 22 69 64 22 3A 22 6F 74 68 65 72 54 6F 70 69 63 22 2C 22 6A 73 6F 6E 72 70 63 22 3A 22 32 2E 30 22 2C 22 72 65 73 75 6C 74 22 3A 7B 22 64 61 74 61 22 3A 22 6F 74 68 65 72 3D 31 30 30 22 7D 7D 0A 

[2014-08-15 18:02:21] [frame_header] Dispatching write containing 2 message(s) containing 4 header bytes and 128 payload bytes
[2014-08-15 18:02:21] [frame_header] Header Bytes: 
[0] (2) 81 3F 
[1] (2) 81 41 

[2014-08-15 18:02:21] [frame_payload] Payload Bytes: 
[0] (63) 7B 22 69 64 22 3A 22 73 6F 6D 65 54 6F 70 69 63 22 2C 22 6A 73 6F 6E 72 70 63 22 3A 22 32 2E 30 22 2C 22 72 65 73 75 6C 74 22 3A 7B 22 64 61 74 61 22 3A 22 73 6F 6D 65 3D 37 32 22 7D 7D 0A 
[1] (65) 7B 22 69 64 22 3A 22 6F 74 68 65 72 54 6F 70 69 63 22 2C 22 6A 73 6F 6E 72 70 63 22 3A 22 32 2E 30 22 2C 22 72 65 73 75 6C 74 22 3A 7B 22 64 61 74 61 22 3A 22 6F 74 68 65 72 3D 37 32 22 7D 7D 0A 

[2014-08-15 18:02:22] [frame_header] Dispatching write containing 2 message(s) containing 4 header bytes and 128 payload bytes
[2014-08-15 18:02:22] [frame_header] Header Bytes: 
[0] (2) 81 3F 
[1] (2) 81 41 

[2014-08-15 18:02:22] [frame_payload] Payload Bytes: 
[0] (63) 7B 22 69 64 22 3A 22 73 6F 6D 65 54 6F 70 69 63 22 2C 22 6A 73 6F 6E 72 70 63 22 3A 22 32 2E 30 22 2C 22 72 65 73 75 6C 74 22 3A 7B 22 64 61 74 61 22 3A 22 73 6F 6D 65 3D 32 32 22 7D 7D 0A 
[1] (65) 7B 22 69 64 22 3A 22 6F 74 68 65 72 54 6F 70 69 63 22 2C 22 6A 73 6F 6E 72 70 63 22 3A 22 32 2E 30 22 2C 22 72 65 73 75 6C 74 22 3A 7B 22 64 61 74 61 22 3A 22 6F 74 68 65 72 3D 32 32 22 7D 7D 0A 

[2014-08-15 18:02:23] [frame_header] Dispatching write containing 2 message(s) containing 4 header bytes and 128 payload bytes
[2014-08-15 18:02:23] [frame_header] Header Bytes: 
[0] (2) 81 3F 
[1] (2) 81 41 

[2014-08-15 18:02:23] [frame_payload] Payload Bytes: 
[0] (63) 7B 22 69 64 22 3A 22 73 6F 6D 65 54 6F 70 69 63 22 2C 22 6A 73 6F 6E 72 70 63 22 3A 22 32 2E 30 22 2C 22 72 65 73 75 6C 74 22 3A 7B 22 64 61 74 61 22 3A 22 73 6F 6D 65 3D 33 33 22 7D 7D 0A 
[1] (65) 7B 22 69 64 22 3A 22 6F 74 68 65 72 54 6F 70 69 63 22 2C 22 6A 73 6F 6E 72 70 63 22 3A 22 32 2E 30 22 2C 22 72 65 73 75 6C 74 22 3A 7B 22 64 61 74 61 22 3A 22 6F 74 68 65 72 3D 33 33 22 7D 7D 0A 

[2014-08-15 18:02:24] [frame_header] Dispatching write containing 2 message(s) containing 4 header bytes and 128 payload bytes
[2014-08-15 18:02:24] [frame_header] Header Bytes: 
[0] (2) 81 3F 
[1] (2) 81 41 

[2014-08-15 18:02:24] [frame_payload] Payload Bytes: 
[0] (63) 7B 22 69 64 22 3A 22 73 6F 6D 65 54 6F 70 69 63 22 2C 22 6A 73 6F 6E 72 70 63 22 3A 22 32 2E 30 22 2C 22 72 65 73 75 6C 74 22 3A 7B 22 64 61 74 61 22 3A 22 73 6F 6D 65 3D 38 39 22 7D 7D 0A 
[1] (65) 7B 22 69 64 22 3A 22 6F 74 68 65 72 54 6F 70 69 63 22 2C 22 6A 73 6F 6E 72 70 63 22 3A 22 32 2E 30 22 2C 22 72 65 73 75 6C 74 22 3A 7B 22 64 61 74 61 22 3A 22 6F 74 68 65 72 3D 38 39 22 7D 7D 0A 

[2014-08-15 18:02:25] [frame_header] Dispatching write containing 1 message(s) containing 2 header bytes and 64 payload bytes
[2014-08-15 18:02:25] [frame_header] Header Bytes: 
[0] (2) 81 40 

[2014-08-15 18:02:25] [frame_payload] Payload Bytes: 
[0] (64) 7B 22 69 64 22 3A 22 6F 74 68 65 72 54 6F 70 69 63 22 2C 22 6A 73 6F 6E 72 70 63 22 3A 22 32 2E 30 22 2C 22 72 65 73 75 6C 74 22 3A 7B 22 64 61 74 61 22 3A 22 6F 74 68 65 72 3D 36 22 7D 7D 0A 

[2014-08-15 18:02:26] [frame_header] Dispatching write containing 1 message(s) containing 2 header bytes and 65 payload bytes
[2014-08-15 18:02:26] [frame_header] Header Bytes: 
[0] (2) 81 41 

[2014-08-15 18:02:26] [frame_payload] Payload Bytes: 
[0] (65) 7B 22 69 64 22 3A 22 6F 74 68 65 72 54 6F 70 69 63 22 2C 22 6A 73 6F 6E 72 70 63 22 3A 22 32 2E 30 22 2C 22 72 65 73 75 6C 74 22 3A 7B 22 64 61 74 61 22 3A 22 6F 74 68 65 72 3D 32 31 22 7D 7D 0A 

[2014-08-15 18:02:27] [frame_header] Dispatching write containing 1 message(s) containing 2 header bytes and 64 payload bytes
[2014-08-15 18:02:27] [frame_header] Header Bytes: 
[0] (2) 81 40 

[2014-08-15 18:02:27] [frame_payload] Payload Bytes: 
[0] (64) 7B 22 69 64 22 3A 22 6F 74 68 65 72 54 6F 70 69 63 22 2C 22 6A 73 6F 6E 72 70 63 22 3A 22 32 2E 30 22 2C 22 72 65 73 75 6C 74 22 3A 7B 22 64 61 74 61 22 3A 22 6F 74 68 65 72 3D 35 22 7D 7D 0A 

[2014-08-15 18:02:28] [frame_header] Dispatching write containing 1 message(s) containing 2 header bytes and 64 payload bytes
[2014-08-15 18:02:28] [frame_header] Header Bytes: 
[0] (2) 81 40 

[2014-08-15 18:02:28] [frame_payload] Payload Bytes: 
[0] (64) 7B 22 69 64 22 3A 22 6F 74 68 65 72 54 6F 70 69 63 22 2C 22 6A 73 6F 6E 72 70 63 22 3A 22 32 2E 30 22 2C 22 72 65 73 75 6C 74 22 3A 7B 22 64 61 74 61 22 3A 22 6F 74 68 65 72 3D 39 22 7D 7D 0A 

[2014-08-15 18:02:29] [frame_header] Dispatching write containing 1 message(s) containing 2 header bytes and 65 payload bytes
[2014-08-15 18:02:29] [frame_header] Header Bytes: 
[0] (2) 81 41 

[2014-08-15 18:02:29] [frame_payload] Payload Bytes: 
[0] (65) 7B 22 69 64 22 3A 22 6F 74 68 65 72 54 6F 70 69 63 22 2C 22 6A 73 6F 6E 72 70 63 22 3A 22 32 2E 30 22 2C 22 72 65 73 75 6C 74 22 3A 7B 22 64 61 74 61 22 3A 22 6F 74 68 65 72 3D 31 33 22 7D 7D 0A 

[2014-08-15 18:02:30] [frame_header] Dispatching write containing 1 message(s) containing 2 header bytes and 64 payload bytes
[2014-08-15 18:02:30] [frame_header] Header Bytes: 
[0] (2) 81 40 

[2014-08-15 18:02:30] [frame_payload] Payload Bytes: 
[0] (64) 7B 22 69 64 22 3A 22 6F 74 68 65 72 54 6F 70 69 63 22 2C 22 6A 73 6F 6E 72 70 63 22 3A 22 32 2E 30 22 2C 22 72 65 73 75 6C 74 22 3A 7B 22 64 61 74 61 22 3A 22 6F 74 68 65 72 3D 36 22 7D 7D 0A 

[2014-08-15 18:02:31] [frame_header] Dispatching write containing 1 message(s) containing 2 header bytes and 65 payload bytes
[2014-08-15 18:02:31] [frame_header] Header Bytes: 
[0] (2) 81 41 

[2014-08-15 18:02:31] [frame_payload] Payload Bytes: 
[0] (65) 7B 22 69 64 22 3A 22 6F 74 68 65 72 54 6F 70 69 63 22 2C 22 6A 73 6F 6E 72 70 63 22 3A 22 32 2E 30 22 2C 22 72 65 73 75 6C 74 22 3A 7B 22 64 61 74 61 22 3A 22 6F 74 68 65 72 3D 33 32 22 7D 7D 0A 

[2014-08-15 18:02:32] [frame_header] Dispatching write containing 1 message(s) containing 2 header bytes and 65 payload bytes
[2014-08-15 18:02:32] [frame_header] Header Bytes: 
[0] (2) 81 41 

[2014-08-15 18:02:32] [frame_payload] Payload Bytes: 
[0] (65) 7B 22 69 64 22 3A 22 6F 74 68 65 72 54 6F 70 69 63 22 2C 22 6A 73 6F 6E 72 70 63 22 3A 22 32 2E 30 22 2C 22 72 65 73 75 6C 74 22 3A 7B 22 64 61 74 61 22 3A 22 6F 74 68 65 72 3D 36 38 22 7D 7D 0A 

[2014-08-15 18:02:33] [frame_header] Dispatching write containing 1 message(s) containing 2 header bytes and 65 payload bytes
[2014-08-15 18:02:33] [frame_header] Header Bytes: 
[0] (2) 81 41 

[2014-08-15 18:02:33] [frame_payload] Payload Bytes: 
[0] (65) 7B 22 69 64 22 3A 22 6F 74 68 65 72 54 6F 70 69 63 22 2C 22 6A 73 6F 6E 72 70 63 22 3A 22 32 2E 30 22 2C 22 72 65 73 75 6C 74 22 3A 7B 22 64 61 74 61 22 3A 22 6F 74 68 65 72 3D 32 35 22 7D 7D 0A 

[2014-08-15 18:02:34] [frame_header] Dispatching write containing 1 message(s) containing 2 header bytes and 65 payload bytes
[2014-08-15 18:02:34] [frame_header] Header Bytes: 
[0] (2) 81 41 

[2014-08-15 18:02:34] [frame_payload] Payload Bytes: 
[0] (65) 7B 22 69 64 22 3A 22 6F 74 68 65 72 54 6F 70 69 63 22 2C 22 6A 73 6F 6E 72 70 63 22 3A 22 32 2E 30 22 2C 22 72 65 73 75 6C 74 22 3A 7B 22 64 61 74 61 22 3A 22 6F 74 68 65 72 3D 35 33 22 7D 7D 0A 

[2014-08-15 18:02:35] [frame_header] Dispatching write containing 1 message(s) containing 2 header bytes and 65 payload bytes
[2014-08-15 18:02:35] [frame_header] Header Bytes: 
[0] (2) 81 41 

[2014-08-15 18:02:35] [frame_payload] Payload Bytes: 
[0] (65) 7B 22 69 64 22 3A 22 6F 74 68 65 72 54 6F 70 69 63 22 2C 22 6A 73 6F 6E 72 70 63 22 3A 22 32 2E 30 22 2C 22 72 65 73 75 6C 74 22 3A 7B 22 64 61 74 61 22 3A 22 6F 74 68 65 72 3D 31 30 22 7D 7D 0A 

[2014-08-15 18:02:36] [frame_header] Dispatching write containing 1 message(s) containing 2 header bytes and 65 payload bytes
[2014-08-15 18:02:36] [frame_header] Header Bytes: 
[0] (2) 81 41 

[2014-08-15 18:02:36] [frame_payload] Payload Bytes: 
[0] (65) 7B 22 69 64 22 3A 22 6F 74 68 65 72 54 6F 70 69 63 22 2C 22 6A 73 6F 6E 72 70 63 22 3A 22 32 2E 30 22 2C 22 72 65 73 75 6C 74 22 3A 7B 22 64 61 74 61 22 3A 22 6F 74 68 65 72 3D 33 34 22 7D 7D 0A 

[2014-08-15 18:02:37] [frame_header] Dispatching write containing 1 message(s) containing 2 header bytes and 65 payload bytes
[2014-08-15 18:02:37] [frame_header] Header Bytes: 
[0] (2) 81 41 

[2014-08-15 18:02:37] [frame_payload] Payload Bytes: 
[0] (65) 7B 22 69 64 22 3A 22 6F 74 68 65 72 54 6F 70 69 63 22 2C 22 6A 73 6F 6E 72 70 63 22 3A 22 32 2E 30 22 2C 22 72 65 73 75 6C 74 22 3A 7B 22 64 61 74 61 22 3A 22 6F 74 68 65 72 3D 33 32 22 7D 7D 0A 

[2014-08-15 18:02:38] [frame_header] Dispatching write containing 1 message(s) containing 2 header bytes and 65 payload bytes
[2014-08-15 18:02:38] [frame_header] Header Bytes: 
[0] (2) 81 41 

[2014-08-15 18:02:38] [frame_payload] Payload Bytes: 
[0] (65) 7B 22 69 64 22 3A 22 6F 74 68 65 72 54 6F 70 69 63 22 2C 22 6A 73 6F 6E 72 70 63 22 3A 22 32 2E 30 22 2C 22 72 65 73 75 6C 74 22 3A 7B 22 64 61 74 61 22 3A 22 6F 74 68 65 72 3D 32 36 22 7D 7D 0A 

[2014-08-15 18:02:39] [frame_header] Dispatching write containing 1 message(s) containing 2 header bytes and 65 payload bytes
[2014-08-15 18:02:39] [frame_header] Header Bytes: 
[0] (2) 81 41 

[2014-08-15 18:02:39] [frame_payload] Payload Bytes: 
[0] (65) 7B 22 69 64 22 3A 22 6F 74 68 65 72 54 6F 70 69 63 22 2C 22 6A 73 6F 6E 72 70 63 22 3A 22 32 2E 30 22 2C 22 72 65 73 75 6C 74 22 3A 7B 22 64 61 74 61 22 3A 22 6F 74 68 65 72 3D 36 31 22 7D 7D 0A 

[2014-08-15 18:02:40] [frame_header] Dispatching write containing 1 message(s) containing 2 header bytes and 65 payload bytes
[2014-08-15 18:02:40] [frame_header] Header Bytes: 
[0] (2) 81 41 

[2014-08-15 18:02:40] [frame_payload] Payload Bytes: 
[0] (65) 7B 22 69 64 22 3A 22 6F 74 68 65 72 54 6F 70 69 63 22 2C 22 6A 73 6F 6E 72 70 63 22 3A 22 32 2E 30 22 2C 22 72 65 73 75 6C 74 22 3A 7B 22 64 61 74 61 22 3A 22 6F 74 68 65 72 3D 38 37 22 7D 7D 0A 

[2014-08-15 18:02:41] [frame_header] Dispatching write containing 1 message(s) containing 2 header bytes and 65 payload bytes
[2014-08-15 18:02:41] [frame_header] Header Bytes: 
[0] (2) 81 41 

[2014-08-15 18:02:41] [frame_payload] Payload Bytes: 
[0] (65) 7B 22 69 64 22 3A 22 6F 74 68 65 72 54 6F 70 69 63 22 2C 22 6A 73 6F 6E 72 70 63 22 3A 22 32 2E 30 22 2C 22 72 65 73 75 6C 74 22 3A 7B 22 64 61 74 61 22 3A 22 6F 74 68 65 72 3D 33 38 22 7D 7D 0A 

[2014-08-15 18:02:42] [frame_header] Dispatching write containing 1 message(s) containing 2 header bytes and 65 payload bytes
[2014-08-15 18:02:42] [frame_header] Header Bytes: 
[0] (2) 81 41 

[2014-08-15 18:02:42] [frame_payload] Payload Bytes: 
[0] (65) 7B 22 69 64 22 3A 22 6F 74 68 65 72 54 6F 70 69 63 22 2C 22 6A 73 6F 6E 72 70 63 22 3A 22 32 2E 30 22 2C 22 72 65 73 75 6C 74 22 3A 7B 22 64 61 74 61 22 3A 22 6F 74 68 65 72 3D 38 37 22 7D 7D 0A 

[2014-08-15 18:02:43] [frame_header] Dispatching write containing 1 message(s) containing 2 header bytes and 64 payload bytes
[2014-08-15 18:02:43] [frame_header] Header Bytes: 
[0] (2) 81 40 

[2014-08-15 18:02:43] [frame_payload] Payload Bytes: 
[0] (64) 7B 22 69 64 22 3A 22 6F 74 68 65 72 54 6F 70 69 63 22 2C 22 6A 73 6F 6E 72 70 63 22 3A 22 32 2E 30 22 2C 22 72 65 73 75 6C 74 22 3A 7B 22 64 61 74 61 22 3A 22 6F 74 68 65 72 3D 35 22 7D 7D 0A 

[2014-08-15 18:02:44] [frame_header] Dispatching write containing 1 message(s) containing 2 header bytes and 65 payload bytes
[2014-08-15 18:02:44] [frame_header] Header Bytes: 
[0] (2) 81 41 

[2014-08-15 18:02:44] [frame_payload] Payload Bytes: 
[0] (65) 7B 22 69 64 22 3A 22 6F 74 68 65 72 54 6F 70 69 63 22 2C 22 6A 73 6F 6E 72 70 63 22 3A 22 32 2E 30 22 2C 22 72 65 73 75 6C 74 22 3A 7B 22 64 61 74 61 22 3A 22 6F 74 68 65 72 3D 37 37 22 7D 7D 0A 

[2014-08-15 18:02:45] [frame_header] Dispatching write containing 1 message(s) containing 2 header bytes and 64 payload bytes
[2014-08-15 18:02:45] [frame_header] Header Bytes: 
[0] (2) 81 40 

[2014-08-15 18:02:45] [frame_payload] Payload Bytes: 
[0] (64) 7B 22 69 64 22 3A 22 6F 74 68 65 72 54 6F 70 69 63 22 2C 22 6A 73 6F 6E 72 70 63 22 3A 22 32 2E 30 22 2C 22 72 65 73 75 6C 74 22 3A 7B 22 64 61 74 61 22 3A 22 6F 74 68 65 72 3D 34 22 7D 7D 0A 

[2014-08-15 18:02:46] [frame_header] Dispatching write containing 1 message(s) containing 2 header bytes and 65 payload bytes
[2014-08-15 18:02:46] [frame_header] Header Bytes: 
[0] (2) 81 41 

[2014-08-15 18:02:46] [frame_payload] Payload Bytes: 
[0] (65) 7B 22 69 64 22 3A 22 6F 74 68 65 72 54 6F 70 69 63 22 2C 22 6A 73 6F 6E 72 70 63 22 3A 22 32 2E 30 22 2C 22 72 65 73 75 6C 74 22 3A 7B 22 64 61 74 61 22 3A 22 6F 74 68 65 72 3D 38 34 22 7D 7D 0A 

[2014-08-15 18:02:47] [frame_header] Dispatching write containing 1 message(s) containing 2 header bytes and 65 payload bytes
[2014-08-15 18:02:47] [frame_header] Header Bytes: 
[0] (2) 81 41 

[2014-08-15 18:02:47] [frame_payload] Payload Bytes: 
[0] (65) 7B 22 69 64 22 3A 22 6F 74 68 65 72 54 6F 70 69 63 22 2C 22 6A 73 6F 6E 72 70 63 22 3A 22 32 2E 30 22 2C 22 72 65 73 75 6C 74 22 3A 7B 22 64 61 74 61 22 3A 22 6F 74 68 65 72 3D 39 37 22 7D 7D 0A 

[2014-08-15 18:02:48] [frame_header] Dispatching write containing 1 message(s) containing 2 header bytes and 65 payload bytes
[2014-08-15 18:02:48] [frame_header] Header Bytes: 
[0] (2) 81 41 

[2014-08-15 18:02:48] [frame_payload] Payload Bytes: 
[0] (65) 7B 22 69 64 22 3A 22 6F 74 68 65 72 54 6F 70 69 63 22 2C 22 6A 73 6F 6E 72 70 63 22 3A 22 32 2E 30 22 2C 22 72 65 73 75 6C 74 22 3A 7B 22 64 61 74 61 22 3A 22 6F 74 68 65 72 3D 39 34 22 7D 7D 0A 

[2014-08-15 18:02:49] [frame_header] Dispatching write containing 1 message(s) containing 2 header bytes and 65 payload bytes
[2014-08-15 18:02:49] [frame_header] Header Bytes: 
[0] (2) 81 41 

[2014-08-15 18:02:49] [frame_payload] Payload Bytes: 
[0] (65) 7B 22 69 64 22 3A 22 6F 74 68 65 72 54 6F 70 69 63 22 2C 22 6A 73 6F 6E 72 70 63 22 3A 22 32 2E 30 22 2C 22 72 65 73 75 6C 74 22 3A 7B 22 64 61 74 61 22 3A 22 6F 74 68 65 72 3D 34 38 22 7D 7D 0A 

[2014-08-15 18:02:50] [frame_header] Dispatching write containing 1 message(s) containing 2 header bytes and 65 payload bytes
[2014-08-15 18:02:50] [frame_header] Header Bytes: 
[0] (2) 81 41 

[2014-08-15 18:02:50] [frame_payload] Payload Bytes: 
[0] (65) 7B 22 69 64 22 3A 22 6F 74 68 65 72 54 6F 70 69 63 22 2C 22 6A 73 6F 6E 72 70 63 22 3A 22 32 2E 30 22 2C 22 72 65 73 75 6C 74 22 3A 7B 22 64 61 74 61 22 3A 22 6F 74 68 65 72 3D 37 33 22 7D 7D 0A 

[2014-08-15 18:02:51] [frame_header] Dispatching write containing 1 message(s) containing 2 header bytes and 65 payload bytes
[2014-08-15 18:02:51] [frame_header] Header Bytes: 
[0] (2) 81 41 

[2014-08-15 18:02:51] [frame_payload] Payload Bytes: 
[0] (65) 7B 22 69 64 22 3A 22 6F 74 68 65 72 54 6F 70 69 63 22 2C 22 6A 73 6F 6E 72 70 63 22 3A 22 32 2E 30 22 2C 22 72 65 73 75 6C 74 22 3A 7B 22 64 61 74 61 22 3A 22 6F 74 68 65 72 3D 38 32 22 7D 7D 0A 

[2014-08-15 18:02:52] [frame_header] Dispatching write containing 1 message(s) containing 2 header bytes and 65 payload bytes
[2014-08-15 18:02:52] [frame_header] Header Bytes: 
[0] (2) 81 41 

[2014-08-15 18:02:52] [frame_payload] Payload Bytes: 
[0] (65) 7B 22 69 64 22 3A 22 6F 74 68 65 72 54 6F 70 69 63 22 2C 22 6A 73 6F 6E 72 70 63 22 3A 22 32 2E 30 22 2C 22 72 65 73 75 6C 74 22 3A 7B 22 64 61 74 61 22 3A 22 6F 74 68 65 72 3D 39 38 22 7D 7D 0A 

[2014-08-15 18:02:53] [frame_header] Dispatching write containing 1 message(s) containing 2 header bytes and 65 payload bytes
[2014-08-15 18:02:53] [frame_header] Header Bytes: 
[0] (2) 81 41 

[2014-08-15 18:02:53] [frame_payload] Payload Bytes: 
[0] (65) 7B 22 69 64 22 3A 22 6F 74 68 65 72 54 6F 70 69 63 22 2C 22 6A 73 6F 6E 72 70 63 22 3A 22 32 2E 30 22 2C 22 72 65 73 75 6C 74 22 3A 7B 22 64 61 74 61 22 3A 22 6F 74 68 65 72 3D 35 37 22 7D 7D 0A 

[2014-08-15 18:02:54] [frame_header] Dispatching write containing 1 message(s) containing 2 header bytes and 65 payload bytes
[2014-08-15 18:02:54] [frame_header] Header Bytes: 
[0] (2) 81 41 

[2014-08-15 18:02:54] [frame_payload] Payload Bytes: 
[0] (65) 7B 22 69 64 22 3A 22 6F 74 68 65 72 54 6F 70 69 63 22 2C 22 6A 73 6F 6E 72 70 63 22 3A 22 32 2E 30 22 2C 22 72 65 73 75 6C 74 22 3A 7B 22 64 61 74 61 22 3A 22 6F 74 68 65 72 3D 31 32 22 7D 7D 0A 

[2014-08-15 18:02:55] [frame_header] Dispatching write containing 1 message(s) containing 2 header bytes and 64 payload bytes
[2014-08-15 18:02:55] [frame_header] Header Bytes: 
[0] (2) 81 40 

[2014-08-15 18:02:55] [frame_payload] Payload Bytes: 
[0] (64) 7B 22 69 64 22 3A 22 6F 74 68 65 72 54 6F 70 69 63 22 2C 22 6A 73 6F 6E 72 70 63 22 3A 22 32 2E 30 22 2C 22 72 65 73 75 6C 74 22 3A 7B 22 64 61 74 61 22 3A 22 6F 74 68 65 72 3D 38 22 7D 7D 0A 

[2014-08-15 18:02:56] [frame_header] Dispatching write containing 1 message(s) containing 2 header bytes and 65 payload bytes
[2014-08-15 18:02:56] [frame_header] Header Bytes: 
[0] (2) 81 41 

[2014-08-15 18:02:56] [frame_payload] Payload Bytes: 
[0] (65) 7B 22 69 64 22 3A 22 6F 74 68 65 72 54 6F 70 69 63 22 2C 22 6A 73 6F 6E 72 70 63 22 3A 22 32 2E 30 22 2C 22 72 65 73 75 6C 74 22 3A 7B 22 64 61 74 61 22 3A 22 6F 74 68 65 72 3D 34 36 22 7D 7D 0A 

[2014-08-15 18:02:57] [frame_header] Dispatching write containing 1 message(s) containing 2 header bytes and 64 payload bytes
[2014-08-15 18:02:57] [frame_header] Header Bytes: 
[0] (2) 81 40 

[2014-08-15 18:02:57] [frame_payload] Payload Bytes: 
[0] (64) 7B 22 69 64 22 3A 22 6F 74 68 65 72 54 6F 70 69 63 22 2C 22 6A 73 6F 6E 72 70 63 22 3A 22 32 2E 30 22 2C 22 72 65 73 75 6C 74 22 3A 7B 22 64 61 74 61 22 3A 22 6F 74 68 65 72 3D 35 22 7D 7D 0A 

[2014-08-15 18:02:58] [frame_header] Dispatching write containing 1 message(s) containing 2 header bytes and 65 payload bytes
[2014-08-15 18:02:58] [frame_header] Header Bytes: 
[0] (2) 81 41 

[2014-08-15 18:02:58] [frame_payload] Payload Bytes: 
[0] (65) 7B 22 69 64 22 3A 22 6F 74 68 65 72 54 6F 70 69 63 22 2C 22 6A 73 6F 6E 72 70 63 22 3A 22 32 2E 30 22 2C 22 72 65 73 75 6C 74 22 3A 7B 22 64 61 74 61 22 3A 22 6F 74 68 65 72 3D 36 39 22 7D 7D 0A 

[2014-08-15 18:02:59] [frame_header] Dispatching write containing 1 message(s) containing 2 header bytes and 65 payload bytes
[2014-08-15 18:02:59] [frame_header] Header Bytes: 
[0] (2) 81 41 

[2014-08-15 18:02:59] [frame_payload] Payload Bytes: 
[0] (65) 7B 22 69 64 22 3A 22 6F 74 68 65 72 54 6F 70 69 63 22 2C 22 6A 73 6F 6E 72 70 63 22 3A 22 32 2E 30 22 2C 22 72 65 73 75 6C 74 22 3A 7B 22 64 61 74 61 22 3A 22 6F 74 68 65 72 3D 37 35 22 7D 7D 0A 

[2014-08-15 18:03:00] [frame_header] Dispatching write containing 1 message(s) containing 2 header bytes and 65 payload bytes
[2014-08-15 18:03:00] [frame_header] Header Bytes: 
[0] (2) 81 41 

[2014-08-15 18:03:00] [frame_payload] Payload Bytes: 
[0] (65) 7B 22 69 64 22 3A 22 6F 74 68 65 72 54 6F 70 69 63 22 2C 22 6A 73 6F 6E 72 70 63 22 3A 22 32 2E 30 22 2C 22 72 65 73 75 6C 74 22 3A 7B 22 64 61 74 61 22 3A 22 6F 74 68 65 72 3D 36 35 22 7D 7D 0A 

[2014-08-15 18:03:01] [frame_header] Dispatching write containing 1 message(s) containing 2 header bytes and 65 payload bytes
[2014-08-15 18:03:01] [frame_header] Header Bytes: 
[0] (2) 81 41 

[2014-08-15 18:03:01] [frame_payload] Payload Bytes: 
[0] (65) 7B 22 69 64 22 3A 22 6F 74 68 65 72 54 6F 70 69 63 22 2C 22 6A 73 6F 6E 72 70 63 22 3A 22 32 2E 30 22 2C 22 72 65 73 75 6C 74 22 3A 7B 22 64 61 74 61 22 3A 22 6F 74 68 65 72 3D 31 34 22 7D 7D 0A 

[2014-08-15 18:03:02] [frame_header] Dispatching write containing 1 message(s) containing 2 header bytes and 65 payload bytes
[2014-08-15 18:03:02] [frame_header] Header Bytes: 
[0] (2) 81 41 

[2014-08-15 18:03:02] [frame_payload] Payload Bytes: 
[0] (65) 7B 22 69 64 22 3A 22 6F 74 68 65 72 54 6F 70 69 63 22 2C 22 6A 73 6F 6E 72 70 63 22 3A 22 32 2E 30 22 2C 22 72 65 73 75 6C 74 22 3A 7B 22 64 61 74 61 22 3A 22 6F 74 68 65 72 3D 37 39 22 7D 7D 0A 

[2014-08-15 18:03:03] [frame_header] Dispatching write containing 1 message(s) containing 2 header bytes and 65 payload bytes
[2014-08-15 18:03:03] [frame_header] Header Bytes: 
[0] (2) 81 41 

[2014-08-15 18:03:03] [frame_payload] Payload Bytes: 
[0] (65) 7B 22 69 64 22 3A 22 6F 74 68 65 72 54 6F 70 69 63 22 2C 22 6A 73 6F 6E 72 70 63 22 3A 22 32 2E 30 22 2C 22 72 65 73 75 6C 74 22 3A 7B 22 64 61 74 61 22 3A 22 6F 74 68 65 72 3D 31 31 22 7D 7D 0A 

[2014-08-15 18:03:04] [frame_header] Dispatching write containing 1 message(s) containing 2 header bytes and 64 payload bytes
[2014-08-15 18:03:04] [frame_header] Header Bytes: 
[0] (2) 81 40 

[2014-08-15 18:03:04] [frame_payload] Payload Bytes: 
[0] (64) 7B 22 69 64 22 3A 22 6F 74 68 65 72 54 6F 70 69 63 22 2C 22 6A 73 6F 6E 72 70 63 22 3A 22 32 2E 30 22 2C 22 72 65 73 75 6C 74 22 3A 7B 22 64 61 74 61 22 3A 22 6F 74 68 65 72 3D 38 22 7D 7D 0A 

[2014-08-15 18:03:05] [frame_header] Dispatching write containing 1 message(s) containing 2 header bytes and 64 payload bytes
[2014-08-15 18:03:05] [frame_header] Header Bytes: 
[0] (2) 81 40 

[2014-08-15 18:03:05] [frame_payload] Payload Bytes: 
[0] (64) 7B 22 69 64 22 3A 22 6F 74 68 65 72 54 6F 70 69 63 22 2C 22 6A 73 6F 6E 72 70 63 22 3A 22 32 2E 30 22 2C 22 72 65 73 75 6C 74 22 3A 7B 22 64 61 74 61 22 3A 22 6F 74 68 65 72 3D 35 22 7D 7D 0A 

[2014-08-15 18:03:06] [frame_header] Dispatching write containing 1 message(s) containing 2 header bytes and 65 payload bytes
[2014-08-15 18:03:06] [frame_header] Header Bytes: 
[0] (2) 81 41 

[2014-08-15 18:03:06] [frame_payload] Payload Bytes: 
[0] (65) 7B 22 69 64 22 3A 22 6F 74 68 65 72 54 6F 70 69 63 22 2C 22 6A 73 6F 6E 72 70 63 22 3A 22 32 2E 30 22 2C 22 72 65 73 75 6C 74 22 3A 7B 22 64 61 74 61 22 3A 22 6F 74 68 65 72 3D 32 36 22 7D 7D 0A 

[2014-08-15 18:03:07] [frame_header] Dispatching write containing 1 message(s) containing 2 header bytes and 65 payload bytes
[2014-08-15 18:03:07] [frame_header] Header Bytes: 
[0] (2) 81 41 

[2014-08-15 18:03:07] [frame_payload] Payload Bytes: 
[0] (65) 7B 22 69 64 22 3A 22 6F 74 68 65 72 54 6F 70 69 63 22 2C 22 6A 73 6F 6E 72 70 63 22 3A 22 32 2E 30 22 2C 22 72 65 73 75 6C 74 22 3A 7B 22 64 61 74 61 22 3A 22 6F 74 68 65 72 3D 34 33 22 7D 7D 0A 

[2014-08-15 18:03:08] [frame_header] Dispatching write containing 1 message(s) containing 2 header bytes and 65 payload bytes
[2014-08-15 18:03:08] [frame_header] Header Bytes: 
[0] (2) 81 41 

[2014-08-15 18:03:08] [frame_payload] Payload Bytes: 
[0] (65) 7B 22 69 64 22 3A 22 6F 74 68 65 72 54 6F 70 69 63 22 2C 22 6A 73 6F 6E 72 70 63 22 3A 22 32 2E 30 22 2C 22 72 65 73 75 6C 74 22 3A 7B 22 64 61 74 61 22 3A 22 6F 74 68 65 72 3D 34 35 22 7D 7D 0A 

[2014-08-15 18:03:09] [frame_header] Dispatching write containing 1 message(s) containing 2 header bytes and 64 payload bytes
[2014-08-15 18:03:09] [frame_header] Header Bytes: 
[0] (2) 81 40 

[2014-08-15 18:03:09] [frame_payload] Payload Bytes: 
[0] (64) 7B 22 69 64 22 3A 22 6F 74 68 65 72 54 6F 70 69 63 22 2C 22 6A 73 6F 6E 72 70 63 22 3A 22 32 2E 30 22 2C 22 72 65 73 75 6C 74 22 3A 7B 22 64 61 74 61 22 3A 22 6F 74 68 65 72 3D 39 22 7D 7D 0A 

[2014-08-15 18:03:10] [frame_header] Dispatching write containing 1 message(s) containing 2 header bytes and 65 payload bytes
[2014-08-15 18:03:10] [frame_header] Header Bytes: 
[0] (2) 81 41 

[2014-08-15 18:03:10] [frame_payload] Payload Bytes: 
[0] (65) 7B 22 69 64 22 3A 22 6F 74 68 65 72 54 6F 70 69 63 22 2C 22 6A 73 6F 6E 72 70 63 22 3A 22 32 2E 30 22 2C 22 72 65 73 75 6C 74 22 3A 7B 22 64 61 74 61 22 3A 22 6F 74 68 65 72 3D 34 37 22 7D 7D 0A 

[2014-08-15 18:03:11] [frame_header] Dispatching write containing 1 message(s) containing 2 header bytes and 65 payload bytes
[2014-08-15 18:03:11] [frame_header] Header Bytes: 
[0] (2) 81 41 

[2014-08-15 18:03:11] [frame_payload] Payload Bytes: 
[0] (65) 7B 22 69 64 22 3A 22 6F 74 68 65 72 54 6F 70 69 63 22 2C 22 6A 73 6F 6E 72 70 63 22 3A 22 32 2E 30 22 2C 22 72 65 73 75 6C 74 22 3A 7B 22 64 61 74 61 22 3A 22 6F 74 68 65 72 3D 31 31 22 7D 7D 0A 

[2014-08-15 18:03:12] [frame_header] Dispatching write containing 1 message(s) containing 2 header bytes and 65 payload bytes
[2014-08-15 18:03:12] [frame_header] Header Bytes: 
[0] (2) 81 41 

[2014-08-15 18:03:12] [frame_payload] Payload Bytes: 
[0] (65) 7B 22 69 64 22 3A 22 6F 74 68 65 72 54 6F 70 69 63 22 2C 22 6A 73 6F 6E 72 70 63 22 3A 22 32 2E 30 22 2C 22 72 65 73 75 6C 74 22 3A 7B 22 64 61 74 61 22 3A 22 6F 74 68 65 72 3D 33 31 22 7D 7D 0A 

[2014-08-15 18:03:13] [frame_header] Dispatching write containing 1 message(s) containing 2 header bytes and 65 payload bytes
[2014-08-15 18:03:13] [frame_header] Header Bytes: 
[0] (2) 81 41 

[2014-08-15 18:03:13] [frame_payload] Payload Bytes: 
[0] (65) 7B 22 69 64 22 3A 22 6F 74 68 65 72 54 6F 70 69 63 22 2C 22 6A 73 6F 6E 72 70 63 22 3A 22 32 2E 30 22 2C 22 72 65 73 75 6C 74 22 3A 7B 22 64 61 74 61 22 3A 22 6F 74 68 65 72 3D 33 38 22 7D 7D 0A 

[2014-08-15 18:03:14] [frame_header] Dispatching write containing 1 message(s) containing 2 header bytes and 65 payload bytes
[2014-08-15 18:03:14] [frame_header] Header Bytes: 
[0] (2) 81 41 

[2014-08-15 18:03:14] [frame_payload] Payload Bytes: 
[0] (65) 7B 22 69 64 22 3A 22 6F 74 68 65 72 54 6F 70 69 63 22 2C 22 6A 73 6F 6E 72 70 63 22 3A 22 32 2E 30 22 2C 22 72 65 73 75 6C 74 22 3A 7B 22 64 61 74 61 22 3A 22 6F 74 68 65 72 3D 39 31 22 7D 7D 0A 

[2014-08-15 18:03:23] [control] Control frame received with opcode 8
[2014-08-15 18:03:23] [frame_header] Dispatching write containing 1 message(s) containing 2 header bytes and 2 payload bytes
[2014-08-15 18:03:23] [frame_header] Header Bytes: 
[0] (2) 88 02 

[2014-08-15 18:03:23] [frame_payload] Payload Bytes: 
[0] (2) 03 E8 

[2014-08-15 18:03:23] [disconnect] Disconnect close local:[1000] remote:[1005]
